{"meta": {"format": 3, "version": "7.13.1", "timestamp": "2026-01-25T17:17:10.135098", "branch_coverage": true, "show_contexts": false}, "files": {"src/jarvis/__init__.py": {"executed_lines": [3], "summary": {"covered_lines": 1, "num_statements": 1, "percent_covered": 100.0, "percent_covered_display": "100", "missing_lines": 0, "excluded_lines": 0, "percent_statements_covered": 100.0, "percent_statements_covered_display": "100", "num_branches": 0, "num_partial_branches": 0, "covered_branches": 0, "missing_branches": 0, "percent_branches_covered": 100.0, "percent_branches_covered_display": "100"}, "missing_lines": [], "excluded_lines": [], "executed_branches": [], "missing_branches": [], "functions": {"": {"executed_lines": [3], "summary": {"covered_lines": 1, "num_statements": 1, "percent_covered": 100.0, "percent_covered_display": "100", "missing_lines": 0, "excluded_lines": 0, "percent_statements_covered": 100.0, "percent_statements_covered_display": "100", "num_branches": 0, "num_partial_branches": 0, "covered_branches": 0, "missing_branches": 0, "percent_branches_covered": 100.0, "percent_branches_covered_display": "100"}, "missing_lines": [], "excluded_lines": [], "start_line": 1, "executed_branches": [], "missing_branches": []}}, "classes": {"": {"executed_lines": [3], "summary": {"covered_lines": 1, "num_statements": 1, "percent_covered": 100.0, "percent_covered_display": "100", "missing_lines": 0, "excluded_lines": 0, "percent_statements_covered": 100.0, "percent_statements_covered_display": "100", "num_branches": 0, "num_partial_branches": 0, "covered_branches": 0, "missing_branches": 0, "percent_branches_covered": 100.0, "percent_branches_covered_display": "100"}, "missing_lines": [], "excluded_lines": [], "start_line": 1, "executed_branches": [], "missing_branches": []}}}, "src/jarvis/__main__.py": {"executed_lines": [], "summary": {"covered_lines": 0, "num_statements": 3, "percent_covered": 0.0, "percent_covered_display": "0", "missing_lines": 3, "excluded_lines": 0, "percent_statements_covered": 0.0, "percent_statements_covered_display": "0", "num_branches": 2, "num_partial_branches": 0, "covered_branches": 0, "missing_branches": 2, "percent_branches_covered": 0.0, "percent_branches_covered_display": "0"}, "missing_lines": [3, 5, 6], "excluded_lines": [], "executed_branches": [], "missing_branches": [[5, -1], [5, 6]], "functions": {"": {"executed_lines": [], "summary": {"covered_lines": 0, "num_statements": 3, "percent_covered": 0.0, "percent_covered_display": "0", "missing_lines": 3, "excluded_lines": 0, "percent_statements_covered": 0.0, "percent_statements_covered_display": "0", "num_branches": 2, "num_partial_branches": 0, "covered_branches": 0, "missing_branches": 2, "percent_branches_covered": 0.0, "percent_branches_covered_display": "0"}, "missing_lines": [3, 5, 6], "excluded_lines": [], "start_line": 1, "executed_branches": [], "missing_branches": [[5, -1], [5, 6]]}}, "classes": {"": {"executed_lines": [], "summary": {"covered_lines": 0, "num_statements": 3, "percent_covered": 0.0, "percent_covered_display": "0", "missing_lines": 3, "excluded_lines": 0, "percent_statements_covered": 0.0, "percent_statements_covered_display": "0", "num_branches": 2, "num_partial_branches": 0, "covered_branches": 0, "missing_branches": 2, "percent_branches_covered": 0.0, "percent_branches_covered_display": "0"}, "missing_lines": [3, 5, 6], "excluded_lines": [], "start_line": 1, "executed_branches": [], "missing_branches": [[5, -1], [5, 6]]}}}, "src/jarvis/adapters/__init__.py": {"executed_lines": [17, 19, 20, 31, 33, 36, 55, 56, 57, 59, 60, 74, 75, 76, 78, 79, 88, 89, 90, 91, 92, 93, 95, 96, 102, 104, 105, 114, 116, 117, 130, 131, 133, 134, 136, 137, 138, 143, 144, 146, 148, 149, 158, 160, 163, 164, 167, 168, 170, 171, 176, 177, 178, 179, 181, 182, 187, 188, 189, 192, 206, 210, 217, 218, 219, 224, 225, 226, 231, 235], "summary": {"covered_lines": 70, "num_statements": 74, "percent_covered": 94.56521739130434, "percent_covered_display": "95", "missing_lines": 4, "excluded_lines": 0, "percent_statements_covered": 94.5945945945946, "percent_statements_covered_display": "95", "num_branches": 18, "num_partial_branches": 1, "covered_branches": 17, "missing_branches": 1, "percent_branches_covered": 94.44444444444444, "percent_branches_covered_display": "94"}, "missing_lines": [220, 221, 227, 228], "excluded_lines": [], "executed_branches": [[75, -59], [75, 76], [90, -78], [90, 91], [92, 93], [130, 131], [130, 136], [136, 137], [136, 143], [143, 144], [143, 146], [163, 164], [163, 167], [176, 177], [176, 179], [177, 176], [177, 178]], "missing_branches": [[92, -78]], "functions": {"AdapterRegistry.register": {"executed_lines": [74, 75, 76], "summary": {"covered_lines": 3, "num_statements": 3, "percent_covered": 100.0, "percent_covered_display": "100", "missing_lines": 0, "excluded_lines": 0, "percent_statements_covered": 100.0, "percent_statements_covered_display": "100", "num_branches": 2, "num_partial_branches": 0, "covered_branches": 2, "missing_branches": 0, "percent_branches_covered": 100.0, "percent_branches_covered_display": "100"}, "missing_lines": [], "excluded_lines": [], "start_line": 60, "executed_branches": [[75, -59], [75, 76]], "missing_branches": []}, "AdapterRegistry.unregister": {"executed_lines": [88, 89, 90, 91, 92, 93], "summary": {"covered_lines": 6, "num_statements": 6, "percent_covered": 90.0, "percent_covered_display": "90", "missing_lines": 0, "excluded_lines": 0, "percent_statements_covered": 100.0, "percent_statements_covered_display": "100", "num_branches": 4, "num_partial_branches": 1, "covered_branches": 3, "missing_branches": 1, "percent_branches_covered": 75.0, "percent_branches_covered_display": "75"}, "missing_lines": [], "excluded_lines": [], "start_line": 79, "executed_branches": [[90, -78], [90, 91], [92, 93]], "missing_branches": [[92, -78]]}, "AdapterRegistry.list_adapters": {"executed_lines": [102], "summary": {"covered_lines": 1, "num_statements": 1, "percent_covered": 100.0, "percent_covered_display": "100", "missing_lines": 0, "excluded_lines": 0, "percent_statements_covered": 100.0, "percent_statements_covered_display": "100", "num_branches": 0, "num_partial_branches": 0, "covered_branches": 0, "missing_branches": 0, "percent_branches_covered": 100.0, "percent_branches_covered_display": "100"}, "missing_lines": [], "excluded_lines": [], "start_line": 96, "executed_branches": [], "missing_branches": []}, "AdapterRegistry.is_registered": {"executed_lines": [114], "summary": {"covered_lines": 1, "num_statements": 1, "percent_covered": 100.0, "percent_covered_display": "100", "missing_lines": 0, "excluded_lines": 0, "percent_statements_covered": 100.0, "percent_statements_covered_display": "100", "num_branches": 0, "num_partial_branches": 0, "covered_branches": 0, "missing_branches": 0, "percent_branches_covered": 100.0, "percent_branches_covered_display": "100"}, "missing_lines": [], "excluded_lines": [], "start_line": 105, "executed_branches": [], "missing_branches": []}, "AdapterRegistry.get_adapter": {"executed_lines": [130, 131, 133, 134, 136, 137, 138, 143, 144, 146], "summary": {"covered_lines": 10, "num_statements": 10, "percent_covered": 100.0, "percent_covered_display": "100", "missing_lines": 0, "excluded_lines": 0, "percent_statements_covered": 100.0, "percent_statements_covered_display": "100", "num_branches": 6, "num_partial_branches": 0, "covered_branches": 6, "missing_branches": 0, "percent_branches_covered": 100.0, "percent_branches_covered_display": "100"}, "missing_lines": [], "excluded_lines": [], "start_line": 117, "executed_branches": [[130, 131], [130, 136], [136, 137], [136, 143], [143, 144], [143, 146]], "missing_branches": []}, "AdapterRegistry._create_instance": {"executed_lines": [158, 160, 163, 164, 167, 168], "summary": {"covered_lines": 6, "num_statements": 6, "percent_covered": 100.0, "percent_covered_display": "100", "missing_lines": 0, "excluded_lines": 0, "percent_statements_covered": 100.0, "percent_statements_covered_display": "100", "num_branches": 2, "num_partial_branches": 0, "covered_branches": 2, "missing_branches": 0, "percent_branches_covered": 100.0, "percent_branches_covered_display": "100"}, "missing_lines": [], "excluded_lines": [], "start_line": 149, "executed_branches": [[163, 164], [163, 167]], "missing_branches": []}, "AdapterRegistry.clear_instances": {"executed_lines": [176, 177, 178, 179], "summary": {"covered_lines": 4, "num_statements": 4, "percent_covered": 100.0, "percent_covered_display": "100", "missing_lines": 0, "excluded_lines": 0, "percent_statements_covered": 100.0, "percent_statements_covered_display": "100", "num_branches": 4, "num_partial_branches": 0, "covered_branches": 4, "missing_branches": 0, "percent_branches_covered": 100.0, "percent_branches_covered_display": "100"}, "missing_lines": [], "excluded_lines": [], "start_line": 171, "executed_branches": [[176, 177], [176, 179], [177, 176], [177, 178]], "missing_branches": []}, "AdapterRegistry.clear_all": {"executed_lines": [187, 188, 189], "summary": {"covered_lines": 3, "num_statements": 3, "percent_covered": 100.0, "percent_covered_display": "100", "missing_lines": 0, "excluded_lines": 0, "percent_statements_covered": 100.0, "percent_statements_covered_display": "100", "num_branches": 0, "num_partial_branches": 0, "covered_branches": 0, "missing_branches": 0, "percent_branches_covered": 100.0, "percent_branches_covered_display": "100"}, "missing_lines": [], "excluded_lines": [], "start_line": 182, "executed_branches": [], "missing_branches": []}, "get_adapter": {"executed_lines": [206], "summary": {"covered_lines": 1, "num_statements": 1, "percent_covered": 100.0, "percent_covered_display": "100", "missing_lines": 0, "excluded_lines": 0, "percent_statements_covered": 100.0, "percent_statements_covered_display": "100", "num_branches": 0, "num_partial_branches": 0, "covered_branches": 0, "missing_branches": 0, "percent_branches_covered": 100.0, "percent_branches_covered_display": "100"}, "missing_lines": [], "excluded_lines": [], "start_line": 192, "executed_branches": [], "missing_branches": []}, "_register_builtin_adapters": {"executed_lines": [217, 218, 219, 224, 225, 226], "summary": {"covered_lines": 6, "num_statements": 10, "percent_covered": 60.0, "percent_covered_display": "60", "missing_lines": 4, "excluded_lines": 0, "percent_statements_covered": 60.0, "percent_statements_covered_display": "60", "num_branches": 0, "num_partial_branches": 0, "covered_branches": 0, "missing_branches": 0, "percent_branches_covered": 100.0, "percent_branches_covered_display": "100"}, "missing_lines": [220, 221, 227, 228], "excluded_lines": [], "start_line": 210, "executed_branches": [], "missing_branches": []}, "": {"executed_lines": [17, 19, 20, 31, 33, 36, 55, 56, 57, 59, 60, 78, 79, 95, 96, 104, 105, 116, 117, 148, 149, 170, 171, 181, 182, 192, 210, 231, 235], "summary": {"covered_lines": 29, "num_statements": 29, "percent_covered": 100.0, "percent_covered_display": "100", "missing_lines": 0, "excluded_lines": 0, "percent_statements_covered": 100.0, "percent_statements_covered_display": "100", "num_branches": 0, "num_partial_branches": 0, "covered_branches": 0, "missing_branches": 0, "percent_branches_covered": 100.0, "percent_branches_covered_display": "100"}, "missing_lines": [], "excluded_lines": [], "start_line": 1, "executed_branches": [], "missing_branches": []}}, "classes": {"AdapterRegistry": {"executed_lines": [74, 75, 76, 88, 89, 90, 91, 92, 93, 102, 114, 130, 131, 133, 134, 136, 137, 138, 143, 144, 146, 158, 160, 163, 164, 167, 168, 176, 177, 178, 179, 187, 188, 189], "summary": {"covered_lines": 34, "num_statements": 34, "percent_covered": 98.07692307692308, "percent_covered_display": "98", "missing_lines": 0, "excluded_lines": 0, "percent_statements_covered": 100.0, "percent_statements_covered_display": "100", "num_branches": 18, "num_partial_branches": 1, "covered_branches": 17, "missing_branches": 1, "percent_branches_covered": 94.44444444444444, "percent_branches_covered_display": "94"}, "missing_lines": [], "excluded_lines": [], "start_line": 36, "executed_branches": [[75, -59], [75, 76], [90, -78], [90, 91], [92, 93], [130, 131], [130, 136], [136, 137], [136, 143], [143, 144], [143, 146], [163, 164], [163, 167], [176, 177], [176, 179], [177, 176], [177, 178]], "missing_branches": [[92, -78]]}, "": {"executed_lines": [17, 19, 20, 31, 33, 36, 55, 56, 57, 59, 60, 78, 79, 95, 96, 104, 105, 116, 117, 148, 149, 170, 171, 181, 182, 192, 206, 210, 217, 218, 219, 224, 225, 226, 231, 235], "summary": {"covered_lines": 36, "num_statements": 40, "percent_covered": 90.0, "percent_covered_display": "90", "missing_lines": 4, "excluded_lines": 0, "percent_statements_covered": 90.0, "percent_statements_covered_display": "90", "num_branches": 0, "num_partial_branches": 0, "covered_branches": 0, "missing_branches": 0, "percent_branches_covered": 100.0, "percent_branches_covered_display": "100"}, "missing_lines": [220, 221, 227, 228], "excluded_lines": [], "start_line": 1, "executed_branches": [], "missing_branches": []}}}, "src/jarvis/adapters/anytype.py": {"executed_lines": [7, 8, 10, 11, 12, 13, 21, 47, 54, 55, 56, 59, 60, 62, 63, 65, 77, 78, 80, 86, 96, 97, 98, 99, 100, 101, 102, 104, 110, 112, 118, 124, 133, 134, 135, 136, 143, 156, 158, 159, 161, 162, 163, 164, 174, 183, 186, 187, 188, 195, 201, 227, 228, 231, 233, 234, 246, 247, 260, 274, 276, 277, 278, 279, 280, 281, 283, 292, 300, 326, 328, 329, 332, 333, 334, 339, 342, 343, 346, 349, 350, 351, 352, 354, 356, 388, 390, 394, 397, 398, 399, 408, 410, 424, 427, 429, 430, 438, 462, 464, 466, 467, 469, 470, 471, 476, 477, 490, 537, 556, 558, 559, 604, 636, 660, 681, 683, 684, 728, 740, 742, 743, 747, 750, 751, 753, 754, 755, 756, 757, 758, 763, 768, 785, 789, 799, 805, 806, 811, 820, 821, 822, 823, 828, 844, 845, 846, 847, 849, 850, 851, 854, 856, 859, 861, 865, 875, 877, 890, 900, 901, 903], "summary": {"covered_lines": 162, "num_statements": 259, "percent_covered": 61.53846153846154, "percent_covered_display": "62", "missing_lines": 97, "excluded_lines": 0, "percent_statements_covered": 62.54826254826255, "percent_statements_covered_display": "63", "num_branches": 66, "num_partial_branches": 8, "covered_branches": 38, "missing_branches": 28, "percent_branches_covered": 57.57575757575758, "percent_branches_covered_display": "58"}, "missing_lines": [140, 141, 165, 166, 167, 172, 242, 243, 298, 335, 336, 391, 400, 401, 431, 432, 479, 480, 504, 506, 507, 508, 510, 511, 514, 516, 526, 527, 528, 529, 535, 561, 562, 565, 566, 568, 569, 570, 571, 572, 574, 575, 576, 578, 588, 589, 592, 595, 596, 597, 599, 601, 602, 626, 629, 634, 650, 653, 655, 656, 657, 658, 686, 687, 688, 689, 691, 692, 693, 694, 695, 697, 698, 699, 701, 711, 712, 715, 716, 717, 719, 721, 722, 765, 766, 855, 857, 862, 863, 914, 915, 916, 919, 920, 921, 924, 926], "excluded_lines": [], "executed_branches": [[59, -47], [59, 60], [100, 101], [100, 102], [158, 159], [158, 161], [187, 188], [187, 195], [283, 292], [328, 329], [328, 332], [332, 333], [332, 339], [342, 343], [349, 350], [349, 351], [351, 352], [351, 354], [390, 394], [397, 398], [558, 559], [683, 684], [753, 754], [753, 763], [756, 753], [756, 757], [757, 756], [757, 758], [805, -799], [805, 806], [820, 821], [820, 822], [822, -811], [822, 823], [850, 851], [850, 861], [854, 856], [856, 859]], "missing_branches": [[166, 167], [166, 172], [283, 298], [342, 346], [390, 391], [397, 408], [528, 529], [528, 535], [558, 561], [569, 570], [569, 592], [575, 576], [575, 578], [595, 596], [595, 597], [683, 686], [692, 693], [692, 715], [698, 699], [698, 701], [715, 716], [715, 717], [854, 855], [856, 857], [915, 916], [915, 919], [921, 924], [921, 926]], "functions": {"AnyTypeAdapter.__init__": {"executed_lines": [54, 55, 56, 59, 60], "summary": {"covered_lines": 5, "num_statements": 5, "percent_covered": 100.0, "percent_covered_display": "100", "missing_lines": 0, "excluded_lines": 0, "percent_statements_covered": 100.0, "percent_statements_covered_display": "100", "num_branches": 2, "num_partial_branches": 0, "covered_branches": 2, "missing_branches": 0, "percent_branches_covered": 100.0, "percent_branches_covered_display": "100"}, "missing_lines": [], "excluded_lines": [], "start_line": 47, "executed_branches": [[59, -47], [59, 60]], "missing_branches": []}, "AnyTypeAdapter.capabilities": {"executed_lines": [65], "summary": {"covered_lines": 1, "num_statements": 1, "percent_covered": 100.0, "percent_covered_display": "100", "missing_lines": 0, "excluded_lines": 0, "percent_statements_covered": 100.0, "percent_statements_covered_display": "100", "num_branches": 0, "num_partial_branches": 0, "covered_branches": 0, "missing_branches": 0, "percent_branches_covered": 100.0, "percent_branches_covered_display": "100"}, "missing_lines": [], "excluded_lines": [], "start_line": 63, "executed_branches": [], "missing_branches": []}, "AnyTypeAdapter.backend_name": {"executed_lines": [80], "summary": {"covered_lines": 1, "num_statements": 1, "percent_covered": 100.0, "percent_covered_display": "100", "missing_lines": 0, "excluded_lines": 0, "percent_statements_covered": 100.0, "percent_statements_covered_display": "100", "num_branches": 0, "num_partial_branches": 0, "covered_branches": 0, "missing_branches": 0, "percent_branches_covered": 100.0, "percent_branches_covered_display": "100"}, "missing_lines": [], "excluded_lines": [], "start_line": 78, "executed_branches": [], "missing_branches": []}, "AnyTypeAdapter.connect": {"executed_lines": [96, 97, 98, 99, 100, 101, 102], "summary": {"covered_lines": 7, "num_statements": 7, "percent_covered": 100.0, "percent_covered_display": "100", "missing_lines": 0, "excluded_lines": 0, "percent_statements_covered": 100.0, "percent_statements_covered_display": "100", "num_branches": 2, "num_partial_branches": 0, "covered_branches": 2, "missing_branches": 0, "percent_branches_covered": 100.0, "percent_branches_covered_display": "100"}, "missing_lines": [], "excluded_lines": [], "start_line": 86, "executed_branches": [[100, 101], [100, 102]], "missing_branches": []}, "AnyTypeAdapter.disconnect": {"executed_lines": [110], "summary": {"covered_lines": 1, "num_statements": 1, "percent_covered": 100.0, "percent_covered_display": "100", "missing_lines": 0, "excluded_lines": 0, "percent_statements_covered": 100.0, "percent_statements_covered_display": "100", "num_branches": 0, "num_partial_branches": 0, "covered_branches": 0, "missing_branches": 0, "percent_branches_covered": 100.0, "percent_branches_covered_display": "100"}, "missing_lines": [], "excluded_lines": [], "start_line": 104, "executed_branches": [], "missing_branches": []}, "AnyTypeAdapter.is_connected": {"executed_lines": [118], "summary": {"covered_lines": 1, "num_statements": 1, "percent_covered": 100.0, "percent_covered_display": "100", "missing_lines": 0, "excluded_lines": 0, "percent_statements_covered": 100.0, "percent_statements_covered_display": "100", "num_branches": 0, "num_partial_branches": 0, "covered_branches": 0, "missing_branches": 0, "percent_branches_covered": 100.0, "percent_branches_covered_display": "100"}, "missing_lines": [], "excluded_lines": [], "start_line": 112, "executed_branches": [], "missing_branches": []}, "AnyTypeAdapter.list_spaces": {"executed_lines": [133, 134, 135, 136], "summary": {"covered_lines": 4, "num_statements": 6, "percent_covered": 66.66666666666667, "percent_covered_display": "67", "missing_lines": 2, "excluded_lines": 0, "percent_statements_covered": 66.66666666666667, "percent_statements_covered_display": "67", "num_branches": 0, "num_partial_branches": 0, "covered_branches": 0, "missing_branches": 0, "percent_branches_covered": 100.0, "percent_branches_covered_display": "100"}, "missing_lines": [140, 141], "excluded_lines": [], "start_line": 124, "executed_branches": [], "missing_branches": []}, "AnyTypeAdapter.get_default_space": {"executed_lines": [156, 158, 159, 161, 162, 163, 164], "summary": {"covered_lines": 7, "num_statements": 11, "percent_covered": 60.0, "percent_covered_display": "60", "missing_lines": 4, "excluded_lines": 0, "percent_statements_covered": 63.63636363636363, "percent_statements_covered_display": "64", "num_branches": 4, "num_partial_branches": 0, "covered_branches": 2, "missing_branches": 2, "percent_branches_covered": 50.0, "percent_branches_covered_display": "50"}, "missing_lines": [165, 166, 167, 172], "excluded_lines": [], "start_line": 143, "executed_branches": [[158, 159], [158, 161]], "missing_branches": [[166, 167], [166, 172]]}, "AnyTypeAdapter.set_default_space": {"executed_lines": [183, 186, 187, 188, 195], "summary": {"covered_lines": 5, "num_statements": 5, "percent_covered": 100.0, "percent_covered_display": "100", "missing_lines": 0, "excluded_lines": 0, "percent_statements_covered": 100.0, "percent_statements_covered_display": "100", "num_branches": 2, "num_partial_branches": 0, "covered_branches": 2, "missing_branches": 0, "percent_branches_covered": 100.0, "percent_branches_covered_display": "100"}, "missing_lines": [], "excluded_lines": [], "start_line": 174, "executed_branches": [[187, 188], [187, 195]], "missing_branches": []}, "AnyTypeAdapter.create_task": {"executed_lines": [227, 228, 231, 233, 234, 246, 247], "summary": {"covered_lines": 7, "num_statements": 9, "percent_covered": 77.77777777777777, "percent_covered_display": "78", "missing_lines": 2, "excluded_lines": 0, "percent_statements_covered": 77.77777777777777, "percent_statements_covered_display": "78", "num_branches": 0, "num_partial_branches": 0, "covered_branches": 0, "missing_branches": 0, "percent_branches_covered": 100.0, "percent_branches_covered_display": "100"}, "missing_lines": [242, 243], "excluded_lines": [], "start_line": 201, "executed_branches": [], "missing_branches": []}, "AnyTypeAdapter.get_task": {"executed_lines": [274, 276, 277, 278, 279, 280, 281, 283, 292], "summary": {"covered_lines": 9, "num_statements": 10, "percent_covered": 83.33333333333333, "percent_covered_display": "83", "missing_lines": 1, "excluded_lines": 0, "percent_statements_covered": 90.0, "percent_statements_covered_display": "90", "num_branches": 2, "num_partial_branches": 1, "covered_branches": 1, "missing_branches": 1, "percent_branches_covered": 50.0, "percent_branches_covered_display": "50"}, "missing_lines": [298], "excluded_lines": [], "start_line": 260, "executed_branches": [[283, 292]], "missing_branches": [[283, 298]]}, "AnyTypeAdapter.get_tasks": {"executed_lines": [326, 328, 329, 332, 333, 334, 339, 342, 343, 346, 349, 350, 351, 352, 354], "summary": {"covered_lines": 15, "num_statements": 17, "percent_covered": 88.88888888888889, "percent_covered_display": "89", "missing_lines": 2, "excluded_lines": 0, "percent_statements_covered": 88.23529411764706, "percent_statements_covered_display": "88", "num_branches": 10, "num_partial_branches": 1, "covered_branches": 9, "missing_branches": 1, "percent_branches_covered": 90.0, "percent_branches_covered_display": "90"}, "missing_lines": [335, 336], "excluded_lines": [], "start_line": 300, "executed_branches": [[328, 329], [328, 332], [332, 333], [332, 339], [342, 343], [349, 350], [349, 351], [351, 352], [351, 354]], "missing_branches": [[342, 346]]}, "AnyTypeAdapter.update_task": {"executed_lines": [388, 390, 394, 397, 398, 399, 408], "summary": {"covered_lines": 7, "num_statements": 10, "percent_covered": 64.28571428571429, "percent_covered_display": "64", "missing_lines": 3, "excluded_lines": 0, "percent_statements_covered": 70.0, "percent_statements_covered_display": "70", "num_branches": 4, "num_partial_branches": 2, "covered_branches": 2, "missing_branches": 2, "percent_branches_covered": 50.0, "percent_branches_covered_display": "50"}, "missing_lines": [391, 400, 401], "excluded_lines": [], "start_line": 356, "executed_branches": [[390, 394], [397, 398]], "missing_branches": [[390, 391], [397, 408]]}, "AnyTypeAdapter.delete_task": {"executed_lines": [424, 427, 429, 430], "summary": {"covered_lines": 4, "num_statements": 6, "percent_covered": 66.66666666666667, "percent_covered_display": "67", "missing_lines": 2, "excluded_lines": 0, "percent_statements_covered": 66.66666666666667, "percent_statements_covered_display": "67", "num_branches": 0, "num_partial_branches": 0, "covered_branches": 0, "missing_branches": 0, "percent_branches_covered": 100.0, "percent_branches_covered_display": "100"}, "missing_lines": [431, 432], "excluded_lines": [], "start_line": 410, "executed_branches": [], "missing_branches": []}, "AnyTypeAdapter.create_journal_entry": {"executed_lines": [462, 464, 466, 467, 469, 470, 471, 476, 477], "summary": {"covered_lines": 9, "num_statements": 11, "percent_covered": 81.81818181818181, "percent_covered_display": "82", "missing_lines": 2, "excluded_lines": 0, "percent_statements_covered": 81.81818181818181, "percent_statements_covered_display": "82", "num_branches": 0, "num_partial_branches": 0, "covered_branches": 0, "missing_branches": 0, "percent_branches_covered": 100.0, "percent_branches_covered_display": "100"}, "missing_lines": [479, 480], "excluded_lines": [], "start_line": 438, "executed_branches": [], "missing_branches": []}, "AnyTypeAdapter.get_journal_entry": {"executed_lines": [], "summary": {"covered_lines": 0, "num_statements": 13, "percent_covered": 0.0, "percent_covered_display": "0", "missing_lines": 13, "excluded_lines": 0, "percent_statements_covered": 0.0, "percent_statements_covered_display": "0", "num_branches": 2, "num_partial_branches": 0, "covered_branches": 0, "missing_branches": 2, "percent_branches_covered": 0.0, "percent_branches_covered_display": "0"}, "missing_lines": [504, 506, 507, 508, 510, 511, 514, 516, 526, 527, 528, 529, 535], "excluded_lines": [], "start_line": 490, "executed_branches": [], "missing_branches": [[528, 529], [528, 535]]}, "AnyTypeAdapter.get_journal_entries": {"executed_lines": [556, 558, 559], "summary": {"covered_lines": 3, "num_statements": 25, "percent_covered": 12.121212121212121, "percent_covered_display": "12", "missing_lines": 22, "excluded_lines": 0, "percent_statements_covered": 12.0, "percent_statements_covered_display": "12", "num_branches": 8, "num_partial_branches": 1, "covered_branches": 1, "missing_branches": 7, "percent_branches_covered": 12.5, "percent_branches_covered_display": "12"}, "missing_lines": [561, 562, 565, 566, 568, 569, 570, 571, 572, 574, 575, 576, 578, 588, 589, 592, 595, 596, 597, 599, 601, 602], "excluded_lines": [], "start_line": 537, "executed_branches": [[558, 559]], "missing_branches": [[558, 561], [569, 570], [569, 592], [575, 576], [575, 578], [595, 596], [595, 597]]}, "AnyTypeAdapter.update_journal_entry": {"executed_lines": [], "summary": {"covered_lines": 0, "num_statements": 3, "percent_covered": 0.0, "percent_covered_display": "0", "missing_lines": 3, "excluded_lines": 0, "percent_statements_covered": 0.0, "percent_statements_covered_display": "0", "num_branches": 0, "num_partial_branches": 0, "covered_branches": 0, "missing_branches": 0, "percent_branches_covered": 100.0, "percent_branches_covered_display": "100"}, "missing_lines": [626, 629, 634], "excluded_lines": [], "start_line": 604, "executed_branches": [], "missing_branches": []}, "AnyTypeAdapter.delete_journal_entry": {"executed_lines": [], "summary": {"covered_lines": 0, "num_statements": 6, "percent_covered": 0.0, "percent_covered_display": "0", "missing_lines": 6, "excluded_lines": 0, "percent_statements_covered": 0.0, "percent_statements_covered_display": "0", "num_branches": 0, "num_partial_branches": 0, "covered_branches": 0, "missing_branches": 0, "percent_branches_covered": 100.0, "percent_branches_covered_display": "100"}, "missing_lines": [650, 653, 655, 656, 657, 658], "excluded_lines": [], "start_line": 636, "executed_branches": [], "missing_branches": []}, "AnyTypeAdapter.search_journal": {"executed_lines": [681, 683, 684], "summary": {"covered_lines": 3, "num_statements": 24, "percent_covered": 12.5, "percent_covered_display": "12", "missing_lines": 21, "excluded_lines": 0, "percent_statements_covered": 12.5, "percent_statements_covered_display": "12", "num_branches": 8, "num_partial_branches": 1, "covered_branches": 1, "missing_branches": 7, "percent_branches_covered": 12.5, "percent_branches_covered_display": "12"}, "missing_lines": [686, 687, 688, 689, 691, 692, 693, 694, 695, 697, 698, 699, 701, 711, 712, 715, 716, 717, 719, 721, 722], "excluded_lines": [], "start_line": 660, "executed_branches": [[683, 684]], "missing_branches": [[683, 686], [692, 693], [692, 715], [698, 699], [698, 701], [715, 716], [715, 717]]}, "AnyTypeAdapter.list_tags": {"executed_lines": [740, 742, 743, 747, 750, 751, 753, 754, 755, 756, 757, 758, 763], "summary": {"covered_lines": 13, "num_statements": 15, "percent_covered": 90.47619047619048, "percent_covered_display": "90", "missing_lines": 2, "excluded_lines": 0, "percent_statements_covered": 86.66666666666667, "percent_statements_covered_display": "87", "num_branches": 6, "num_partial_branches": 0, "covered_branches": 6, "missing_branches": 0, "percent_branches_covered": 100.0, "percent_branches_covered_display": "100"}, "missing_lines": [765, 766], "excluded_lines": [], "start_line": 728, "executed_branches": [[753, 754], [753, 763], [756, 753], [756, 757], [757, 756], [757, 758]], "missing_branches": []}, "AnyTypeAdapter.create_tag": {"executed_lines": [785, 789], "summary": {"covered_lines": 2, "num_statements": 2, "percent_covered": 100.0, "percent_covered_display": "100", "missing_lines": 0, "excluded_lines": 0, "percent_statements_covered": 100.0, "percent_statements_covered_display": "100", "num_branches": 0, "num_partial_branches": 0, "covered_branches": 0, "missing_branches": 0, "percent_branches_covered": 100.0, "percent_branches_covered_display": "100"}, "missing_lines": [], "excluded_lines": [], "start_line": 768, "executed_branches": [], "missing_branches": []}, "AnyTypeAdapter._ensure_connected": {"executed_lines": [805, 806], "summary": {"covered_lines": 2, "num_statements": 2, "percent_covered": 100.0, "percent_covered_display": "100", "missing_lines": 0, "excluded_lines": 0, "percent_statements_covered": 100.0, "percent_statements_covered_display": "100", "num_branches": 2, "num_partial_branches": 0, "covered_branches": 2, "missing_branches": 0, "percent_branches_covered": 100.0, "percent_branches_covered_display": "100"}, "missing_lines": [], "excluded_lines": [], "start_line": 799, "executed_branches": [[805, -799], [805, 806]], "missing_branches": []}, "AnyTypeAdapter._validate_title": {"executed_lines": [820, 821, 822, 823], "summary": {"covered_lines": 4, "num_statements": 4, "percent_covered": 100.0, "percent_covered_display": "100", "missing_lines": 0, "excluded_lines": 0, "percent_statements_covered": 100.0, "percent_statements_covered_display": "100", "num_branches": 4, "num_partial_branches": 0, "covered_branches": 4, "missing_branches": 0, "percent_branches_covered": 100.0, "percent_branches_covered_display": "100"}, "missing_lines": [], "excluded_lines": [], "start_line": 811, "executed_branches": [[820, 821], [820, 822], [822, -811], [822, 823]], "missing_branches": []}, "AnyTypeAdapter._get_all_tasks": {"executed_lines": [844, 845, 846, 847, 849, 850, 851, 854, 856, 859, 861], "summary": {"covered_lines": 11, "num_statements": 15, "percent_covered": 71.42857142857143, "percent_covered_display": "71", "missing_lines": 4, "excluded_lines": 0, "percent_statements_covered": 73.33333333333333, "percent_statements_covered_display": "73", "num_branches": 6, "num_partial_branches": 2, "covered_branches": 4, "missing_branches": 2, "percent_branches_covered": 66.66666666666667, "percent_branches_covered_display": "67"}, "missing_lines": [855, 857, 862, 863], "excluded_lines": [], "start_line": 828, "executed_branches": [[850, 851], [850, 861], [854, 856], [856, 859]], "missing_branches": [[854, 855], [856, 857]]}, "AnyTypeAdapter._old_task_to_new": {"executed_lines": [875, 877], "summary": {"covered_lines": 2, "num_statements": 2, "percent_covered": 100.0, "percent_covered_display": "100", "missing_lines": 0, "excluded_lines": 0, "percent_statements_covered": 100.0, "percent_statements_covered_display": "100", "num_branches": 0, "num_partial_branches": 0, "covered_branches": 0, "missing_branches": 0, "percent_branches_covered": 100.0, "percent_branches_covered_display": "100"}, "missing_lines": [], "excluded_lines": [], "start_line": 865, "executed_branches": [], "missing_branches": []}, "AnyTypeAdapter._anytype_object_to_task": {"executed_lines": [900, 901], "summary": {"covered_lines": 2, "num_statements": 2, "percent_covered": 100.0, "percent_covered_display": "100", "missing_lines": 0, "excluded_lines": 0, "percent_statements_covered": 100.0, "percent_statements_covered_display": "100", "num_branches": 0, "num_partial_branches": 0, "covered_branches": 0, "missing_branches": 0, "percent_branches_covered": 100.0, "percent_branches_covered_display": "100"}, "missing_lines": [], "excluded_lines": [], "start_line": 890, "executed_branches": [], "missing_branches": []}, "AnyTypeAdapter._parse_entry_date": {"executed_lines": [], "summary": {"covered_lines": 0, "num_statements": 8, "percent_covered": 0.0, "percent_covered_display": "0", "missing_lines": 8, "excluded_lines": 0, "percent_statements_covered": 0.0, "percent_statements_covered_display": "0", "num_branches": 4, "num_partial_branches": 0, "covered_branches": 0, "missing_branches": 4, "percent_branches_covered": 0.0, "percent_branches_covered_display": "0"}, "missing_lines": [914, 915, 916, 919, 920, 921, 924, 926], "excluded_lines": [], "start_line": 903, "executed_branches": [], "missing_branches": [[915, 916], [915, 919], [921, 924], [921, 926]]}, "": {"executed_lines": [7, 8, 10, 11, 12, 13, 21, 47, 62, 63, 77, 78, 86, 104, 112, 124, 143, 174, 201, 260, 300, 356, 410, 438, 490, 537, 604, 636, 660, 728, 768, 799, 811, 828, 865, 890, 903], "summary": {"covered_lines": 37, "num_statements": 37, "percent_covered": 100.0, "percent_covered_display": "100", "missing_lines": 0, "excluded_lines": 0, "percent_statements_covered": 100.0, "percent_statements_covered_display": "100", "num_branches": 0, "num_partial_branches": 0, "covered_branches": 0, "missing_branches": 0, "percent_branches_covered": 100.0, "percent_branches_covered_display": "100"}, "missing_lines": [], "excluded_lines": [], "start_line": 1, "executed_branches": [], "missing_branches": []}}, "classes": {"AnyTypeAdapter": {"executed_lines": [54, 55, 56, 59, 60, 65, 80, 96, 97, 98, 99, 100, 101, 102, 110, 118, 133, 134, 135, 136, 156, 158, 159, 161, 162, 163, 164, 183, 186, 187, 188, 195, 227, 228, 231, 233, 234, 246, 247, 274, 276, 277, 278, 279, 280, 281, 283, 292, 326, 328, 329, 332, 333, 334, 339, 342, 343, 346, 349, 350, 351, 352, 354, 388, 390, 394, 397, 398, 399, 408, 424, 427, 429, 430, 462, 464, 466, 467, 469, 470, 471, 476, 477, 556, 558, 559, 681, 683, 684, 740, 742, 743, 747, 750, 751, 753, 754, 755, 756, 757, 758, 763, 785, 789, 805, 806, 820, 821, 822, 823, 844, 845, 846, 847, 849, 850, 851, 854, 856, 859, 861, 875, 877, 900, 901], "summary": {"covered_lines": 125, "num_statements": 222, "percent_covered": 56.59722222222222, "percent_covered_display": "57", "missing_lines": 97, "excluded_lines": 0, "percent_statements_covered": 56.306306306306304, "percent_statements_covered_display": "56", "num_branches": 66, "num_partial_branches": 8, "covered_branches": 38, "missing_branches": 28, "percent_branches_covered": 57.57575757575758, "percent_branches_covered_display": "58"}, "missing_lines": [140, 141, 165, 166, 167, 172, 242, 243, 298, 335, 336, 391, 400, 401, 431, 432, 479, 480, 504, 506, 507, 508, 510, 511, 514, 516, 526, 527, 528, 529, 535, 561, 562, 565, 566, 568, 569, 570, 571, 572, 574, 575, 576, 578, 588, 589, 592, 595, 596, 597, 599, 601, 602, 626, 629, 634, 650, 653, 655, 656, 657, 658, 686, 687, 688, 689, 691, 692, 693, 694, 695, 697, 698, 699, 701, 711, 712, 715, 716, 717, 719, 721, 722, 765, 766, 855, 857, 862, 863, 914, 915, 916, 919, 920, 921, 924, 926], "excluded_lines": [], "start_line": 21, "executed_branches": [[59, -47], [59, 60], [100, 101], [100, 102], [158, 159], [158, 161], [187, 188], [187, 195], [283, 292], [328, 329], [328, 332], [332, 333], [332, 339], [342, 343], [349, 350], [349, 351], [351, 352], [351, 354], [390, 394], [397, 398], [558, 559], [683, 684], [753, 754], [753, 763], [756, 753], [756, 757], [757, 756], [757, 758], [805, -799], [805, 806], [820, 821], [820, 822], [822, -811], [822, 823], [850, 851], [850, 861], [854, 856], [856, 859]], "missing_branches": [[166, 167], [166, 172], [283, 298], [342, 346], [390, 391], [397, 408], [528, 529], [528, 535], [558, 561], [569, 570], [569, 592], [575, 576], [575, 578], [595, 596], [595, 597], [683, 686], [692, 693], [692, 715], [698, 699], [698, 701], [715, 716], [715, 717], [854, 855], [856, 857], [915, 916], [915, 919], [921, 924], [921, 926]]}, "": {"executed_lines": [7, 8, 10, 11, 12, 13, 21, 47, 62, 63, 77, 78, 86, 104, 112, 124, 143, 174, 201, 260, 300, 356, 410, 438, 490, 537, 604, 636, 660, 728, 768, 799, 811, 828, 865, 890, 903], "summary": {"covered_lines": 37, "num_statements": 37, "percent_covered": 100.0, "percent_covered_display": "100", "missing_lines": 0, "excluded_lines": 0, "percent_statements_covered": 100.0, "percent_statements_covered_display": "100", "num_branches": 0, "num_partial_branches": 0, "covered_branches": 0, "missing_branches": 0, "percent_branches_covered": 100.0, "percent_branches_covered_display": "100"}, "missing_lines": [], "excluded_lines": [], "start_line": 1, "executed_branches": [], "missing_branches": []}}}, "src/jarvis/adapters/base.py": {"executed_lines": [7, 8, 10, 13, 14, 48, 49, 68, 69, 77, 86, 90, 102, 113, 125, 140, 169, 185, 213, 248, 268, 292, 308, 330, 354, 370, 398, 413, 432], "summary": {"covered_lines": 29, "num_statements": 50, "percent_covered": 58.0, "percent_covered_display": "58", "missing_lines": 21, "excluded_lines": 0, "percent_statements_covered": 58.0, "percent_statements_covered_display": "58", "num_branches": 0, "num_partial_branches": 0, "covered_branches": 0, "missing_branches": 0, "percent_branches_covered": 100.0, "percent_branches_covered_display": "100"}, "missing_lines": [66, 71, 84, 88, 96, 111, 123, 134, 167, 183, 211, 246, 262, 290, 306, 328, 352, 368, 392, 411, 428], "excluded_lines": [], "executed_branches": [], "missing_branches": [], "functions": {"KnowledgeBaseAdapter.capabilities": {"executed_lines": [], "summary": {"covered_lines": 0, "num_statements": 1, "percent_covered": 0.0, "percent_covered_display": "0", "missing_lines": 1, "excluded_lines": 0, "percent_statements_covered": 0.0, "percent_statements_covered_display": "0", "num_branches": 0, "num_partial_branches": 0, "covered_branches": 0, "missing_branches": 0, "percent_branches_covered": 100.0, "percent_branches_covered_display": "100"}, "missing_lines": [66], "excluded_lines": [], "start_line": 49, "executed_branches": [], "missing_branches": []}, "KnowledgeBaseAdapter.backend_name": {"executed_lines": [], "summary": {"covered_lines": 0, "num_statements": 1, "percent_covered": 0.0, "percent_covered_display": "0", "missing_lines": 1, "excluded_lines": 0, "percent_statements_covered": 0.0, "percent_statements_covered_display": "0", "num_branches": 0, "num_partial_branches": 0, "covered_branches": 0, "missing_branches": 0, "percent_branches_covered": 100.0, "percent_branches_covered_display": "100"}, "missing_lines": [71], "excluded_lines": [], "start_line": 69, "executed_branches": [], "missing_branches": []}, "KnowledgeBaseAdapter.connect": {"executed_lines": [], "summary": {"covered_lines": 0, "num_statements": 1, "percent_covered": 0.0, "percent_covered_display": "0", "missing_lines": 1, "excluded_lines": 0, "percent_statements_covered": 0.0, "percent_statements_covered_display": "0", "num_branches": 0, "num_partial_branches": 0, "covered_branches": 0, "missing_branches": 0, "percent_branches_covered": 100.0, "percent_branches_covered_display": "100"}, "missing_lines": [84], "excluded_lines": [], "start_line": 77, "executed_branches": [], "missing_branches": []}, "KnowledgeBaseAdapter.disconnect": {"executed_lines": [], "summary": {"covered_lines": 0, "num_statements": 1, "percent_covered": 0.0, "percent_covered_display": "0", "missing_lines": 1, "excluded_lines": 0, "percent_statements_covered": 0.0, "percent_statements_covered_display": "0", "num_branches": 0, "num_partial_branches": 0, "covered_branches": 0, "missing_branches": 0, "percent_branches_covered": 100.0, "percent_branches_covered_display": "100"}, "missing_lines": [88], "excluded_lines": [], "start_line": 86, "executed_branches": [], "missing_branches": []}, "KnowledgeBaseAdapter.is_connected": {"executed_lines": [], "summary": {"covered_lines": 0, "num_statements": 1, "percent_covered": 0.0, "percent_covered_display": "0", "missing_lines": 1, "excluded_lines": 0, "percent_statements_covered": 0.0, "percent_statements_covered_display": "0", "num_branches": 0, "num_partial_branches": 0, "covered_branches": 0, "missing_branches": 0, "percent_branches_covered": 100.0, "percent_branches_covered_display": "100"}, "missing_lines": [96], "excluded_lines": [], "start_line": 90, "executed_branches": [], "missing_branches": []}, "KnowledgeBaseAdapter.list_spaces": {"executed_lines": [], "summary": {"covered_lines": 0, "num_statements": 1, "percent_covered": 0.0, "percent_covered_display": "0", "missing_lines": 1, "excluded_lines": 0, "percent_statements_covered": 0.0, "percent_statements_covered_display": "0", "num_branches": 0, "num_partial_branches": 0, "covered_branches": 0, "missing_branches": 0, "percent_branches_covered": 100.0, "percent_branches_covered_display": "100"}, "missing_lines": [111], "excluded_lines": [], "start_line": 102, "executed_branches": [], "missing_branches": []}, "KnowledgeBaseAdapter.get_default_space": {"executed_lines": [], "summary": {"covered_lines": 0, "num_statements": 1, "percent_covered": 0.0, "percent_covered_display": "0", "missing_lines": 1, "excluded_lines": 0, "percent_statements_covered": 0.0, "percent_statements_covered_display": "0", "num_branches": 0, "num_partial_branches": 0, "covered_branches": 0, "missing_branches": 0, "percent_branches_covered": 100.0, "percent_branches_covered_display": "100"}, "missing_lines": [123], "excluded_lines": [], "start_line": 113, "executed_branches": [], "missing_branches": []}, "KnowledgeBaseAdapter.set_default_space": {"executed_lines": [], "summary": {"covered_lines": 0, "num_statements": 1, "percent_covered": 0.0, "percent_covered_display": "0", "missing_lines": 1, "excluded_lines": 0, "percent_statements_covered": 0.0, "percent_statements_covered_display": "0", "num_branches": 0, "num_partial_branches": 0, "covered_branches": 0, "missing_branches": 0, "percent_branches_covered": 100.0, "percent_branches_covered_display": "100"}, "missing_lines": [134], "excluded_lines": [], "start_line": 125, "executed_branches": [], "missing_branches": []}, "KnowledgeBaseAdapter.create_task": {"executed_lines": [], "summary": {"covered_lines": 0, "num_statements": 1, "percent_covered": 0.0, "percent_covered_display": "0", "missing_lines": 1, "excluded_lines": 0, "percent_statements_covered": 0.0, "percent_statements_covered_display": "0", "num_branches": 0, "num_partial_branches": 0, "covered_branches": 0, "missing_branches": 0, "percent_branches_covered": 100.0, "percent_branches_covered_display": "100"}, "missing_lines": [167], "excluded_lines": [], "start_line": 140, "executed_branches": [], "missing_branches": []}, "KnowledgeBaseAdapter.get_task": {"executed_lines": [], "summary": {"covered_lines": 0, "num_statements": 1, "percent_covered": 0.0, "percent_covered_display": "0", "missing_lines": 1, "excluded_lines": 0, "percent_statements_covered": 0.0, "percent_statements_covered_display": "0", "num_branches": 0, "num_partial_branches": 0, "covered_branches": 0, "missing_branches": 0, "percent_branches_covered": 100.0, "percent_branches_covered_display": "100"}, "missing_lines": [183], "excluded_lines": [], "start_line": 169, "executed_branches": [], "missing_branches": []}, "KnowledgeBaseAdapter.get_tasks": {"executed_lines": [], "summary": {"covered_lines": 0, "num_statements": 1, "percent_covered": 0.0, "percent_covered_display": "0", "missing_lines": 1, "excluded_lines": 0, "percent_statements_covered": 0.0, "percent_statements_covered_display": "0", "num_branches": 0, "num_partial_branches": 0, "covered_branches": 0, "missing_branches": 0, "percent_branches_covered": 100.0, "percent_branches_covered_display": "100"}, "missing_lines": [211], "excluded_lines": [], "start_line": 185, "executed_branches": [], "missing_branches": []}, "KnowledgeBaseAdapter.update_task": {"executed_lines": [], "summary": {"covered_lines": 0, "num_statements": 1, "percent_covered": 0.0, "percent_covered_display": "0", "missing_lines": 1, "excluded_lines": 0, "percent_statements_covered": 0.0, "percent_statements_covered_display": "0", "num_branches": 0, "num_partial_branches": 0, "covered_branches": 0, "missing_branches": 0, "percent_branches_covered": 100.0, "percent_branches_covered_display": "100"}, "missing_lines": [246], "excluded_lines": [], "start_line": 213, "executed_branches": [], "missing_branches": []}, "KnowledgeBaseAdapter.delete_task": {"executed_lines": [], "summary": {"covered_lines": 0, "num_statements": 1, "percent_covered": 0.0, "percent_covered_display": "0", "missing_lines": 1, "excluded_lines": 0, "percent_statements_covered": 0.0, "percent_statements_covered_display": "0", "num_branches": 0, "num_partial_branches": 0, "covered_branches": 0, "missing_branches": 0, "percent_branches_covered": 100.0, "percent_branches_covered_display": "100"}, "missing_lines": [262], "excluded_lines": [], "start_line": 248, "executed_branches": [], "missing_branches": []}, "KnowledgeBaseAdapter.create_journal_entry": {"executed_lines": [], "summary": {"covered_lines": 0, "num_statements": 1, "percent_covered": 0.0, "percent_covered_display": "0", "missing_lines": 1, "excluded_lines": 0, "percent_statements_covered": 0.0, "percent_statements_covered_display": "0", "num_branches": 0, "num_partial_branches": 0, "covered_branches": 0, "missing_branches": 0, "percent_branches_covered": 100.0, "percent_branches_covered_display": "100"}, "missing_lines": [290], "excluded_lines": [], "start_line": 268, "executed_branches": [], "missing_branches": []}, "KnowledgeBaseAdapter.get_journal_entry": {"executed_lines": [], "summary": {"covered_lines": 0, "num_statements": 1, "percent_covered": 0.0, "percent_covered_display": "0", "missing_lines": 1, "excluded_lines": 0, "percent_statements_covered": 0.0, "percent_statements_covered_display": "0", "num_branches": 0, "num_partial_branches": 0, "covered_branches": 0, "missing_branches": 0, "percent_branches_covered": 100.0, "percent_branches_covered_display": "100"}, "missing_lines": [306], "excluded_lines": [], "start_line": 292, "executed_branches": [], "missing_branches": []}, "KnowledgeBaseAdapter.get_journal_entries": {"executed_lines": [], "summary": {"covered_lines": 0, "num_statements": 1, "percent_covered": 0.0, "percent_covered_display": "0", "missing_lines": 1, "excluded_lines": 0, "percent_statements_covered": 0.0, "percent_statements_covered_display": "0", "num_branches": 0, "num_partial_branches": 0, "covered_branches": 0, "missing_branches": 0, "percent_branches_covered": 100.0, "percent_branches_covered_display": "100"}, "missing_lines": [328], "excluded_lines": [], "start_line": 308, "executed_branches": [], "missing_branches": []}, "KnowledgeBaseAdapter.update_journal_entry": {"executed_lines": [], "summary": {"covered_lines": 0, "num_statements": 1, "percent_covered": 0.0, "percent_covered_display": "0", "missing_lines": 1, "excluded_lines": 0, "percent_statements_covered": 0.0, "percent_statements_covered_display": "0", "num_branches": 0, "num_partial_branches": 0, "covered_branches": 0, "missing_branches": 0, "percent_branches_covered": 100.0, "percent_branches_covered_display": "100"}, "missing_lines": [352], "excluded_lines": [], "start_line": 330, "executed_branches": [], "missing_branches": []}, "KnowledgeBaseAdapter.delete_journal_entry": {"executed_lines": [], "summary": {"covered_lines": 0, "num_statements": 1, "percent_covered": 0.0, "percent_covered_display": "0", "missing_lines": 1, "excluded_lines": 0, "percent_statements_covered": 0.0, "percent_statements_covered_display": "0", "num_branches": 0, "num_partial_branches": 0, "covered_branches": 0, "missing_branches": 0, "percent_branches_covered": 100.0, "percent_branches_covered_display": "100"}, "missing_lines": [368], "excluded_lines": [], "start_line": 354, "executed_branches": [], "missing_branches": []}, "KnowledgeBaseAdapter.search_journal": {"executed_lines": [], "summary": {"covered_lines": 0, "num_statements": 1, "percent_covered": 0.0, "percent_covered_display": "0", "missing_lines": 1, "excluded_lines": 0, "percent_statements_covered": 0.0, "percent_statements_covered_display": "0", "num_branches": 0, "num_partial_branches": 0, "covered_branches": 0, "missing_branches": 0, "percent_branches_covered": 100.0, "percent_branches_covered_display": "100"}, "missing_lines": [392], "excluded_lines": [], "start_line": 370, "executed_branches": [], "missing_branches": []}, "KnowledgeBaseAdapter.list_tags": {"executed_lines": [], "summary": {"covered_lines": 0, "num_statements": 1, "percent_covered": 0.0, "percent_covered_display": "0", "missing_lines": 1, "excluded_lines": 0, "percent_statements_covered": 0.0, "percent_statements_covered_display": "0", "num_branches": 0, "num_partial_branches": 0, "covered_branches": 0, "missing_branches": 0, "percent_branches_covered": 100.0, "percent_branches_covered_display": "100"}, "missing_lines": [411], "excluded_lines": [], "start_line": 398, "executed_branches": [], "missing_branches": []}, "KnowledgeBaseAdapter.create_tag": {"executed_lines": [], "summary": {"covered_lines": 0, "num_statements": 1, "percent_covered": 0.0, "percent_covered_display": "0", "missing_lines": 1, "excluded_lines": 0, "percent_statements_covered": 0.0, "percent_statements_covered_display": "0", "num_branches": 0, "num_partial_branches": 0, "covered_branches": 0, "missing_branches": 0, "percent_branches_covered": 100.0, "percent_branches_covered_display": "100"}, "missing_lines": [428], "excluded_lines": [], "start_line": 413, "executed_branches": [], "missing_branches": []}, "": {"executed_lines": [7, 8, 10, 13, 14, 48, 49, 68, 69, 77, 86, 90, 102, 113, 125, 140, 169, 185, 213, 248, 268, 292, 308, 330, 354, 370, 398, 413, 432], "summary": {"covered_lines": 29, "num_statements": 29, "percent_covered": 100.0, "percent_covered_display": "100", "missing_lines": 0, "excluded_lines": 0, "percent_statements_covered": 100.0, "percent_statements_covered_display": "100", "num_branches": 0, "num_partial_branches": 0, "covered_branches": 0, "missing_branches": 0, "percent_branches_covered": 100.0, "percent_branches_covered_display": "100"}, "missing_lines": [], "excluded_lines": [], "start_line": 1, "executed_branches": [], "missing_branches": []}}, "classes": {"KnowledgeBaseAdapter": {"executed_lines": [], "summary": {"covered_lines": 0, "num_statements": 21, "percent_covered": 0.0, "percent_covered_display": "0", "missing_lines": 21, "excluded_lines": 0, "percent_statements_covered": 0.0, "percent_statements_covered_display": "0", "num_branches": 0, "num_partial_branches": 0, "covered_branches": 0, "missing_branches": 0, "percent_branches_covered": 100.0, "percent_branches_covered_display": "100"}, "missing_lines": [66, 71, 84, 88, 96, 111, 123, 134, 167, 183, 211, 246, 262, 290, 306, 328, 352, 368, 392, 411, 428], "excluded_lines": [], "start_line": 14, "executed_branches": [], "missing_branches": []}, "": {"executed_lines": [7, 8, 10, 13, 14, 48, 49, 68, 69, 77, 86, 90, 102, 113, 125, 140, 169, 185, 213, 248, 268, 292, 308, 330, 354, 370, 398, 413, 432], "summary": {"covered_lines": 29, "num_statements": 29, "percent_covered": 100.0, "percent_covered_display": "100", "missing_lines": 0, "excluded_lines": 0, "percent_statements_covered": 100.0, "percent_statements_covered_display": "100", "num_branches": 0, "num_partial_branches": 0, "covered_branches": 0, "missing_branches": 0, "percent_branches_covered": 100.0, "percent_branches_covered_display": "100"}, "missing_lines": [], "excluded_lines": [], "start_line": 1, "executed_branches": [], "missing_branches": []}}}, "src/jarvis/adapters/exceptions.py": {"executed_lines": [10, 20, 21, 22, 24, 25, 26, 27, 30, 39, 42, 51, 54, 63, 69, 70, 73, 85, 92, 93, 94, 97, 108, 114, 115, 118, 126, 129, 138, 141, 152, 158, 159], "summary": {"covered_lines": 33, "num_statements": 33, "percent_covered": 100.0, "percent_covered_display": "100", "missing_lines": 0, "excluded_lines": 0, "percent_statements_covered": 100.0, "percent_statements_covered_display": "100", "num_branches": 2, "num_partial_branches": 0, "covered_branches": 2, "missing_branches": 0, "percent_branches_covered": 100.0, "percent_branches_covered_display": "100"}, "missing_lines": [], "excluded_lines": [], "executed_branches": [[25, 26], [25, 27]], "missing_branches": [], "functions": {"JarvisBackendError.__init__": {"executed_lines": [21, 22], "summary": {"covered_lines": 2, "num_statements": 2, "percent_covered": 100.0, "percent_covered_display": "100", "missing_lines": 0, "excluded_lines": 0, "percent_statements_covered": 100.0, "percent_statements_covered_display": "100", "num_branches": 0, "num_partial_branches": 0, "covered_branches": 0, "missing_branches": 0, "percent_branches_covered": 100.0, "percent_branches_covered_display": "100"}, "missing_lines": [], "excluded_lines": [], "start_line": 20, "executed_branches": [], "missing_branches": []}, "JarvisBackendError.__str__": {"executed_lines": [25, 26, 27], "summary": {"covered_lines": 3, "num_statements": 3, "percent_covered": 100.0, "percent_covered_display": "100", "missing_lines": 0, "excluded_lines": 0, "percent_statements_covered": 100.0, "percent_statements_covered_display": "100", "num_branches": 2, "num_partial_branches": 0, "covered_branches": 2, "missing_branches": 0, "percent_branches_covered": 100.0, "percent_branches_covered_display": "100"}, "missing_lines": [], "excluded_lines": [], "start_line": 24, "executed_branches": [[25, 26], [25, 27]], "missing_branches": []}, "RateLimitError.__init__": {"executed_lines": [69, 70], "summary": {"covered_lines": 2, "num_statements": 2, "percent_covered": 100.0, "percent_covered_display": "100", "missing_lines": 0, "excluded_lines": 0, "percent_statements_covered": 100.0, "percent_statements_covered_display": "100", "num_branches": 0, "num_partial_branches": 0, "covered_branches": 0, "missing_branches": 0, "percent_branches_covered": 100.0, "percent_branches_covered_display": "100"}, "missing_lines": [], "excluded_lines": [], "start_line": 63, "executed_branches": [], "missing_branches": []}, "NotFoundError.__init__": {"executed_lines": [92, 93, 94], "summary": {"covered_lines": 3, "num_statements": 3, "percent_covered": 100.0, "percent_covered_display": "100", "missing_lines": 0, "excluded_lines": 0, "percent_statements_covered": 100.0, "percent_statements_covered_display": "100", "num_branches": 0, "num_partial_branches": 0, "covered_branches": 0, "missing_branches": 0, "percent_branches_covered": 100.0, "percent_branches_covered_display": "100"}, "missing_lines": [], "excluded_lines": [], "start_line": 85, "executed_branches": [], "missing_branches": []}, "NotSupportedError.__init__": {"executed_lines": [114, 115], "summary": {"covered_lines": 2, "num_statements": 2, "percent_covered": 100.0, "percent_covered_display": "100", "missing_lines": 0, "excluded_lines": 0, "percent_statements_covered": 100.0, "percent_statements_covered_display": "100", "num_branches": 0, "num_partial_branches": 0, "covered_branches": 0, "missing_branches": 0, "percent_branches_covered": 100.0, "percent_branches_covered_display": "100"}, "missing_lines": [], "excluded_lines": [], "start_line": 108, "executed_branches": [], "missing_branches": []}, "ValidationError.__init__": {"executed_lines": [158, 159], "summary": {"covered_lines": 2, "num_statements": 2, "percent_covered": 100.0, "percent_covered_display": "100", "missing_lines": 0, "excluded_lines": 0, "percent_statements_covered": 100.0, "percent_statements_covered_display": "100", "num_branches": 0, "num_partial_branches": 0, "covered_branches": 0, "missing_branches": 0, "percent_branches_covered": 100.0, "percent_branches_covered_display": "100"}, "missing_lines": [], "excluded_lines": [], "start_line": 152, "executed_branches": [], "missing_branches": []}, "": {"executed_lines": [10, 20, 24, 30, 39, 42, 51, 54, 63, 73, 85, 97, 108, 118, 126, 129, 138, 141, 152], "summary": {"covered_lines": 19, "num_statements": 19, "percent_covered": 100.0, "percent_covered_display": "100", "missing_lines": 0, "excluded_lines": 0, "percent_statements_covered": 100.0, "percent_statements_covered_display": "100", "num_branches": 0, "num_partial_branches": 0, "covered_branches": 0, "missing_branches": 0, "percent_branches_covered": 100.0, "percent_branches_covered_display": "100"}, "missing_lines": [], "excluded_lines": [], "start_line": 1, "executed_branches": [], "missing_branches": []}}, "classes": {"JarvisBackendError": {"executed_lines": [21, 22, 25, 26, 27], "summary": {"covered_lines": 5, "num_statements": 5, "percent_covered": 100.0, "percent_covered_display": "100", "missing_lines": 0, "excluded_lines": 0, "percent_statements_covered": 100.0, "percent_statements_covered_display": "100", "num_branches": 2, "num_partial_branches": 0, "covered_branches": 2, "missing_branches": 0, "percent_branches_covered": 100.0, "percent_branches_covered_display": "100"}, "missing_lines": [], "excluded_lines": [], "start_line": 10, "executed_branches": [[25, 26], [25, 27]], "missing_branches": []}, "ConnectionError": {"executed_lines": [], "summary": {"covered_lines": 0, "num_statements": 0, "percent_covered": 100.0, "percent_covered_display": "100", "missing_lines": 0, "excluded_lines": 0, "percent_statements_covered": 100.0, "percent_statements_covered_display": "100", "num_branches": 0, "num_partial_branches": 0, "covered_branches": 0, "missing_branches": 0, "percent_branches_covered": 100.0, "percent_branches_covered_display": "100"}, "missing_lines": [], "excluded_lines": [], "start_line": 30, "executed_branches": [], "missing_branches": []}, "AuthError": {"executed_lines": [], "summary": {"covered_lines": 0, "num_statements": 0, "percent_covered": 100.0, "percent_covered_display": "100", "missing_lines": 0, "excluded_lines": 0, "percent_statements_covered": 100.0, "percent_statements_covered_display": "100", "num_branches": 0, "num_partial_branches": 0, "covered_branches": 0, "missing_branches": 0, "percent_branches_covered": 100.0, "percent_branches_covered_display": "100"}, "missing_lines": [], "excluded_lines": [], "start_line": 42, "executed_branches": [], "missing_branches": []}, "RateLimitError": {"executed_lines": [69, 70], "summary": {"covered_lines": 2, "num_statements": 2, "percent_covered": 100.0, "percent_covered_display": "100", "missing_lines": 0, "excluded_lines": 0, "percent_statements_covered": 100.0, "percent_statements_covered_display": "100", "num_branches": 0, "num_partial_branches": 0, "covered_branches": 0, "missing_branches": 0, "percent_branches_covered": 100.0, "percent_branches_covered_display": "100"}, "missing_lines": [], "excluded_lines": [], "start_line": 54, "executed_branches": [], "missing_branches": []}, "NotFoundError": {"executed_lines": [92, 93, 94], "summary": {"covered_lines": 3, "num_statements": 3, "percent_covered": 100.0, "percent_covered_display": "100", "missing_lines": 0, "excluded_lines": 0, "percent_statements_covered": 100.0, "percent_statements_covered_display": "100", "num_branches": 0, "num_partial_branches": 0, "covered_branches": 0, "missing_branches": 0, "percent_branches_covered": 100.0, "percent_branches_covered_display": "100"}, "missing_lines": [], "excluded_lines": [], "start_line": 73, "executed_branches": [], "missing_branches": []}, "NotSupportedError": {"executed_lines": [114, 115], "summary": {"covered_lines": 2, "num_statements": 2, "percent_covered": 100.0, "percent_covered_display": "100", "missing_lines": 0, "excluded_lines": 0, "percent_statements_covered": 100.0, "percent_statements_covered_display": "100", "num_branches": 0, "num_partial_branches": 0, "covered_branches": 0, "missing_branches": 0, "percent_branches_covered": 100.0, "percent_branches_covered_display": "100"}, "missing_lines": [], "excluded_lines": [], "start_line": 97, "executed_branches": [], "missing_branches": []}, "AdapterNotFoundError": {"executed_lines": [], "summary": {"covered_lines": 0, "num_statements": 0, "percent_covered": 100.0, "percent_covered_display": "100", "missing_lines": 0, "excluded_lines": 0, "percent_statements_covered": 100.0, "percent_statements_covered_display": "100", "num_branches": 0, "num_partial_branches": 0, "covered_branches": 0, "missing_branches": 0, "percent_branches_covered": 100.0, "percent_branches_covered_display": "100"}, "missing_lines": [], "excluded_lines": [], "start_line": 118, "executed_branches": [], "missing_branches": []}, "ConfigError": {"executed_lines": [], "summary": {"covered_lines": 0, "num_statements": 0, "percent_covered": 100.0, "percent_covered_display": "100", "missing_lines": 0, "excluded_lines": 0, "percent_statements_covered": 100.0, "percent_statements_covered_display": "100", "num_branches": 0, "num_partial_branches": 0, "covered_branches": 0, "missing_branches": 0, "percent_branches_covered": 100.0, "percent_branches_covered_display": "100"}, "missing_lines": [], "excluded_lines": [], "start_line": 129, "executed_branches": [], "missing_branches": []}, "ValidationError": {"executed_lines": [158, 159], "summary": {"covered_lines": 2, "num_statements": 2, "percent_covered": 100.0, "percent_covered_display": "100", "missing_lines": 0, "excluded_lines": 0, "percent_statements_covered": 100.0, "percent_statements_covered_display": "100", "num_branches": 0, "num_partial_branches": 0, "covered_branches": 0, "missing_branches": 0, "percent_branches_covered": 100.0, "percent_branches_covered_display": "100"}, "missing_lines": [], "excluded_lines": [], "start_line": 141, "executed_branches": [], "missing_branches": []}, "": {"executed_lines": [10, 20, 24, 30, 39, 42, 51, 54, 63, 73, 85, 97, 108, 118, 126, 129, 138, 141, 152], "summary": {"covered_lines": 19, "num_statements": 19, "percent_covered": 100.0, "percent_covered_display": "100", "missing_lines": 0, "excluded_lines": 0, "percent_statements_covered": 100.0, "percent_statements_covered_display": "100", "num_branches": 0, "num_partial_branches": 0, "covered_branches": 0, "missing_branches": 0, "percent_branches_covered": 100.0, "percent_branches_covered_display": "100"}, "missing_lines": [], "excluded_lines": [], "start_line": 1, "executed_branches": [], "missing_branches": []}}}, "src/jarvis/adapters/notion/__init__.py": {"executed_lines": [6, 7, 14], "summary": {"covered_lines": 3, "num_statements": 3, "percent_covered": 100.0, "percent_covered_display": "100", "missing_lines": 0, "excluded_lines": 0, "percent_statements_covered": 100.0, "percent_statements_covered_display": "100", "num_branches": 0, "num_partial_branches": 0, "covered_branches": 0, "missing_branches": 0, "percent_branches_covered": 100.0, "percent_branches_covered_display": "100"}, "missing_lines": [], "excluded_lines": [], "executed_branches": [], "missing_branches": [], "functions": {"": {"executed_lines": [6, 7, 14], "summary": {"covered_lines": 3, "num_statements": 3, "percent_covered": 100.0, "percent_covered_display": "100", "missing_lines": 0, "excluded_lines": 0, "percent_statements_covered": 100.0, "percent_statements_covered_display": "100", "num_branches": 0, "num_partial_branches": 0, "covered_branches": 0, "missing_branches": 0, "percent_branches_covered": 100.0, "percent_branches_covered_display": "100"}, "missing_lines": [], "excluded_lines": [], "start_line": 1, "executed_branches": [], "missing_branches": []}}, "classes": {"": {"executed_lines": [6, 7, 14], "summary": {"covered_lines": 3, "num_statements": 3, "percent_covered": 100.0, "percent_covered_display": "100", "missing_lines": 0, "excluded_lines": 0, "percent_statements_covered": 100.0, "percent_statements_covered_display": "100", "num_branches": 0, "num_partial_branches": 0, "covered_branches": 0, "missing_branches": 0, "percent_branches_covered": 100.0, "percent_branches_covered_display": "100"}, "missing_lines": [], "excluded_lines": [], "start_line": 1, "executed_branches": [], "missing_branches": []}}}, "src/jarvis/adapters/notion/adapter.py": {"executed_lines": [7, 8, 10, 11, 12, 20, 21, 34, 35, 38, 56, 58, 64, 65, 66, 68, 69, 75, 87, 88, 90, 92, 99, 101, 102, 110, 111, 112, 113, 115, 116, 118, 119, 120, 121, 122, 132, 134, 135, 137, 143, 145, 151, 152, 154, 163, 164, 169, 171, 180, 181, 184, 185, 191, 200, 201, 207, 219, 221, 222, 225, 226, 227, 228, 229, 235, 243, 252, 253, 255, 263, 272, 273, 275, 284, 290, 291, 317, 319, 320, 321, 323, 332, 333, 336, 337, 342, 347, 348, 362, 364, 366, 367, 369, 370, 373, 374, 400, 402, 403, 404, 405, 408, 410, 411, 418, 426, 434, 435, 436, 438, 439, 440, 441, 442, 444, 445, 446, 449, 456, 457, 461, 463, 466, 467, 469, 474, 475, 567, 568, 584, 586, 588, 589, 590, 599, 600, 621, 623, 624, 627, 631, 633, 640, 642, 643, 649, 651, 660, 665, 666, 707, 708, 728, 730, 731, 774, 775, 834, 835, 860, 861, 883, 885, 886, 924, 925, 939, 941, 942, 943, 945, 947, 951, 955, 958, 959, 967, 984], "summary": {"covered_lines": 179, "num_statements": 326, "percent_covered": 50.239234449760765, "percent_covered_display": "50", "missing_lines": 147, "excluded_lines": 2, "percent_statements_covered": 54.9079754601227, "percent_statements_covered_display": "55", "num_branches": 92, "num_partial_branches": 11, "covered_branches": 31, "missing_branches": 61, "percent_branches_covered": 33.69565217391305, "percent_branches_covered_display": "34"}, "missing_lines": [103, 104, 127, 334, 343, 344, 345, 368, 371, 419, 427, 447, 458, 459, 464, 470, 471, 472, 506, 508, 509, 510, 511, 512, 515, 517, 518, 522, 523, 527, 528, 532, 533, 537, 538, 540, 542, 543, 546, 548, 549, 550, 553, 554, 555, 556, 561, 562, 563, 564, 565, 591, 592, 593, 628, 629, 661, 662, 663, 680, 682, 684, 686, 687, 690, 691, 694, 703, 704, 705, 732, 733, 735, 736, 737, 738, 739, 742, 744, 745, 746, 747, 749, 756, 757, 758, 759, 761, 763, 764, 766, 767, 769, 770, 771, 772, 797, 799, 800, 801, 803, 805, 806, 811, 814, 816, 817, 818, 821, 822, 823, 824, 829, 830, 831, 832, 849, 851, 853, 854, 855, 856, 857, 858, 887, 889, 891, 897, 898, 900, 902, 903, 904, 906, 907, 908, 910, 912, 913, 915, 916, 917, 918, 956, 963, 964, 965], "excluded_lines": [30, 31], "executed_branches": [[121, 122], [151, -145], [151, 152], [163, 164], [163, 169], [180, 181], [180, 184], [184, -171], [184, 185], [200, -191], [200, 201], [221, 222], [221, 225], [225, 226], [225, 227], [227, 228], [227, 235], [333, 336], [410, 411], [418, 426], [426, 434], [435, 436], [444, 445], [444, 469], [446, 449], [456, 457], [456, 466], [457, 461], [463, 456], [627, 631], [955, 958]], "missing_branches": [[121, 127], [333, 334], [410, 418], [418, 419], [426, 427], [435, 438], [446, 447], [457, 458], [463, 464], [509, 510], [509, 511], [517, 518], [517, 522], [522, 523], [522, 527], [527, 528], [527, 532], [532, 533], [532, 537], [537, 538], [537, 540], [542, 543], [542, 546], [546, 548], [546, 561], [549, 550], [549, 553], [553, 554], [553, 561], [555, 556], [555, 561], [627, 628], [744, 745], [744, 769], [746, 747], [746, 749], [756, 757], [756, 766], [757, 758], [757, 761], [763, 756], [763, 764], [805, 806], [805, 814], [814, 816], [814, 829], [817, 818], [817, 821], [821, 822], [821, 829], [823, 824], [823, 829], [900, 902], [900, 915], [903, 904], [903, 906], [906, 907], [906, 910], [912, 900], [912, 913], [955, 956]], "functions": {"NotionAdapter.__init__": {"executed_lines": [64, 65, 66], "summary": {"covered_lines": 3, "num_statements": 3, "percent_covered": 100.0, "percent_covered_display": "100", "missing_lines": 0, "excluded_lines": 0, "percent_statements_covered": 100.0, "percent_statements_covered_display": "100", "num_branches": 0, "num_partial_branches": 0, "covered_branches": 0, "missing_branches": 0, "percent_branches_covered": 100.0, "percent_branches_covered_display": "100"}, "missing_lines": [], "excluded_lines": [], "start_line": 58, "executed_branches": [], "missing_branches": []}, "NotionAdapter.capabilities": {"executed_lines": [75], "summary": {"covered_lines": 1, "num_statements": 1, "percent_covered": 100.0, "percent_covered_display": "100", "missing_lines": 0, "excluded_lines": 0, "percent_statements_covered": 100.0, "percent_statements_covered_display": "100", "num_branches": 0, "num_partial_branches": 0, "covered_branches": 0, "missing_branches": 0, "percent_branches_covered": 100.0, "percent_branches_covered_display": "100"}, "missing_lines": [], "excluded_lines": [], "start_line": 69, "executed_branches": [], "missing_branches": []}, "NotionAdapter.backend_name": {"executed_lines": [90], "summary": {"covered_lines": 1, "num_statements": 1, "percent_covered": 100.0, "percent_covered_display": "100", "missing_lines": 0, "excluded_lines": 0, "percent_statements_covered": 100.0, "percent_statements_covered_display": "100", "num_branches": 0, "num_partial_branches": 0, "covered_branches": 0, "missing_branches": 0, "percent_branches_covered": 100.0, "percent_branches_covered_display": "100"}, "missing_lines": [], "excluded_lines": [], "start_line": 88, "executed_branches": [], "missing_branches": []}, "NotionAdapter.connect": {"executed_lines": [99, 101, 102, 110, 111, 112, 113, 115, 116, 118, 119, 120, 121, 122], "summary": {"covered_lines": 14, "num_statements": 17, "percent_covered": 78.94736842105263, "percent_covered_display": "79", "missing_lines": 3, "excluded_lines": 0, "percent_statements_covered": 82.3529411764706, "percent_statements_covered_display": "82", "num_branches": 2, "num_partial_branches": 1, "covered_branches": 1, "missing_branches": 1, "percent_branches_covered": 50.0, "percent_branches_covered_display": "50"}, "missing_lines": [103, 104, 127], "excluded_lines": [], "start_line": 92, "executed_branches": [[121, 122]], "missing_branches": [[121, 127]]}, "NotionAdapter.disconnect": {"executed_lines": [134, 135], "summary": {"covered_lines": 2, "num_statements": 2, "percent_covered": 100.0, "percent_covered_display": "100", "missing_lines": 0, "excluded_lines": 0, "percent_statements_covered": 100.0, "percent_statements_covered_display": "100", "num_branches": 0, "num_partial_branches": 0, "covered_branches": 0, "missing_branches": 0, "percent_branches_covered": 100.0, "percent_branches_covered_display": "100"}, "missing_lines": [], "excluded_lines": [], "start_line": 132, "executed_branches": [], "missing_branches": []}, "NotionAdapter.is_connected": {"executed_lines": [143], "summary": {"covered_lines": 1, "num_statements": 1, "percent_covered": 100.0, "percent_covered_display": "100", "missing_lines": 0, "excluded_lines": 0, "percent_statements_covered": 100.0, "percent_statements_covered_display": "100", "num_branches": 0, "num_partial_branches": 0, "covered_branches": 0, "missing_branches": 0, "percent_branches_covered": 100.0, "percent_branches_covered_display": "100"}, "missing_lines": [], "excluded_lines": [], "start_line": 137, "executed_branches": [], "missing_branches": []}, "NotionAdapter._require_connection": {"executed_lines": [151, 152], "summary": {"covered_lines": 2, "num_statements": 2, "percent_covered": 100.0, "percent_covered_display": "100", "missing_lines": 0, "excluded_lines": 0, "percent_statements_covered": 100.0, "percent_statements_covered_display": "100", "num_branches": 2, "num_partial_branches": 0, "covered_branches": 2, "missing_branches": 0, "percent_branches_covered": 100.0, "percent_branches_covered_display": "100"}, "missing_lines": [], "excluded_lines": [], "start_line": 145, "executed_branches": [[151, -145], [151, 152]], "missing_branches": []}, "NotionAdapter._require_notion_config": {"executed_lines": [163, 164, 169], "summary": {"covered_lines": 3, "num_statements": 3, "percent_covered": 100.0, "percent_covered_display": "100", "missing_lines": 0, "excluded_lines": 0, "percent_statements_covered": 100.0, "percent_statements_covered_display": "100", "num_branches": 2, "num_partial_branches": 0, "covered_branches": 2, "missing_branches": 0, "percent_branches_covered": 100.0, "percent_branches_covered_display": "100"}, "missing_lines": [], "excluded_lines": [], "start_line": 154, "executed_branches": [[163, 164], [163, 169]], "missing_branches": []}, "NotionAdapter._validate_title": {"executed_lines": [180, 181, 184, 185], "summary": {"covered_lines": 4, "num_statements": 4, "percent_covered": 100.0, "percent_covered_display": "100", "missing_lines": 0, "excluded_lines": 0, "percent_statements_covered": 100.0, "percent_statements_covered_display": "100", "num_branches": 4, "num_partial_branches": 0, "covered_branches": 4, "missing_branches": 0, "percent_branches_covered": 100.0, "percent_branches_covered_display": "100"}, "missing_lines": [], "excluded_lines": [], "start_line": 171, "executed_branches": [[180, 181], [180, 184], [184, -171], [184, 185]], "missing_branches": []}, "NotionAdapter._validate_offset": {"executed_lines": [200, 201], "summary": {"covered_lines": 2, "num_statements": 2, "percent_covered": 100.0, "percent_covered_display": "100", "missing_lines": 0, "excluded_lines": 0, "percent_statements_covered": 100.0, "percent_statements_covered_display": "100", "num_branches": 2, "num_partial_branches": 0, "covered_branches": 2, "missing_branches": 0, "percent_branches_covered": 100.0, "percent_branches_covered_display": "100"}, "missing_lines": [], "excluded_lines": [], "start_line": 191, "executed_branches": [[200, -191], [200, 201]], "missing_branches": []}, "NotionAdapter._handle_api_error": {"executed_lines": [219, 221, 222, 225, 226, 227, 228, 229, 235], "summary": {"covered_lines": 9, "num_statements": 9, "percent_covered": 100.0, "percent_covered_display": "100", "missing_lines": 0, "excluded_lines": 0, "percent_statements_covered": 100.0, "percent_statements_covered_display": "100", "num_branches": 6, "num_partial_branches": 0, "covered_branches": 6, "missing_branches": 0, "percent_branches_covered": 100.0, "percent_branches_covered_display": "100"}, "missing_lines": [], "excluded_lines": [], "start_line": 207, "executed_branches": [[221, 222], [221, 225], [225, 226], [225, 227], [227, 228], [227, 235]], "missing_branches": []}, "NotionAdapter.list_spaces": {"executed_lines": [252, 253, 255], "summary": {"covered_lines": 3, "num_statements": 3, "percent_covered": 100.0, "percent_covered_display": "100", "missing_lines": 0, "excluded_lines": 0, "percent_statements_covered": 100.0, "percent_statements_covered_display": "100", "num_branches": 0, "num_partial_branches": 0, "covered_branches": 0, "missing_branches": 0, "percent_branches_covered": 100.0, "percent_branches_covered_display": "100"}, "missing_lines": [], "excluded_lines": [], "start_line": 243, "executed_branches": [], "missing_branches": []}, "NotionAdapter.get_default_space": {"executed_lines": [272, 273], "summary": {"covered_lines": 2, "num_statements": 2, "percent_covered": 100.0, "percent_covered_display": "100", "missing_lines": 0, "excluded_lines": 0, "percent_statements_covered": 100.0, "percent_statements_covered_display": "100", "num_branches": 0, "num_partial_branches": 0, "covered_branches": 0, "missing_branches": 0, "percent_branches_covered": 100.0, "percent_branches_covered_display": "100"}, "missing_lines": [], "excluded_lines": [], "start_line": 263, "executed_branches": [], "missing_branches": []}, "NotionAdapter.set_default_space": {"executed_lines": [284], "summary": {"covered_lines": 1, "num_statements": 1, "percent_covered": 100.0, "percent_covered_display": "100", "missing_lines": 0, "excluded_lines": 0, "percent_statements_covered": 100.0, "percent_statements_covered_display": "100", "num_branches": 0, "num_partial_branches": 0, "covered_branches": 0, "missing_branches": 0, "percent_branches_covered": 100.0, "percent_branches_covered_display": "100"}, "missing_lines": [], "excluded_lines": [], "start_line": 275, "executed_branches": [], "missing_branches": []}, "NotionAdapter.create_task": {"executed_lines": [317, 319, 320, 321, 323, 332, 333, 336, 337, 342], "summary": {"covered_lines": 10, "num_statements": 14, "percent_covered": 68.75, "percent_covered_display": "69", "missing_lines": 4, "excluded_lines": 0, "percent_statements_covered": 71.42857142857143, "percent_statements_covered_display": "71", "num_branches": 2, "num_partial_branches": 1, "covered_branches": 1, "missing_branches": 1, "percent_branches_covered": 50.0, "percent_branches_covered_display": "50"}, "missing_lines": [334, 343, 344, 345], "excluded_lines": [], "start_line": 291, "executed_branches": [[333, 336]], "missing_branches": [[333, 334]]}, "NotionAdapter.get_task": {"executed_lines": [362, 364, 366, 367, 369, 370], "summary": {"covered_lines": 6, "num_statements": 8, "percent_covered": 75.0, "percent_covered_display": "75", "missing_lines": 2, "excluded_lines": 0, "percent_statements_covered": 75.0, "percent_statements_covered_display": "75", "num_branches": 0, "num_partial_branches": 0, "covered_branches": 0, "missing_branches": 0, "percent_branches_covered": 100.0, "percent_branches_covered_display": "100"}, "missing_lines": [368, 371], "excluded_lines": [], "start_line": 348, "executed_branches": [], "missing_branches": []}, "NotionAdapter.get_tasks": {"executed_lines": [400, 402, 403, 404, 405, 408, 410, 411, 418, 426, 434, 435, 436, 438, 439, 440, 441, 442, 444, 445, 446, 449, 456, 457, 461, 463, 466, 467, 469], "summary": {"covered_lines": 29, "num_statements": 38, "percent_covered": 71.42857142857143, "percent_covered_display": "71", "missing_lines": 9, "excluded_lines": 0, "percent_statements_covered": 76.3157894736842, "percent_statements_covered_display": "76", "num_branches": 18, "num_partial_branches": 7, "covered_branches": 11, "missing_branches": 7, "percent_branches_covered": 61.111111111111114, "percent_branches_covered_display": "61"}, "missing_lines": [419, 427, 447, 458, 459, 464, 470, 471, 472], "excluded_lines": [], "start_line": 374, "executed_branches": [[410, 411], [418, 426], [426, 434], [435, 436], [444, 445], [444, 469], [446, 449], [456, 457], [456, 466], [457, 461], [463, 456]], "missing_branches": [[410, 418], [418, 419], [426, 427], [435, 438], [446, 447], [457, 458], [463, 464]]}, "NotionAdapter.update_task": {"executed_lines": [], "summary": {"covered_lines": 0, "num_statements": 33, "percent_covered": 0.0, "percent_covered_display": "0", "missing_lines": 33, "excluded_lines": 0, "percent_statements_covered": 0.0, "percent_statements_covered_display": "0", "num_branches": 22, "num_partial_branches": 0, "covered_branches": 0, "missing_branches": 22, "percent_branches_covered": 0.0, "percent_branches_covered_display": "0"}, "missing_lines": [506, 508, 509, 510, 511, 512, 515, 517, 518, 522, 523, 527, 528, 532, 533, 537, 538, 540, 542, 543, 546, 548, 549, 550, 553, 554, 555, 556, 561, 562, 563, 564, 565], "excluded_lines": [], "start_line": 475, "executed_branches": [], "missing_branches": [[509, 510], [509, 511], [517, 518], [517, 522], [522, 523], [522, 527], [527, 528], [527, 532], [532, 533], [532, 537], [537, 538], [537, 540], [542, 543], [542, 546], [546, 548], [546, 561], [549, 550], [549, 553], [553, 554], [553, 561], [555, 556], [555, 561]]}, "NotionAdapter.de
[...]
nes": [3, 4, 5, 6, 8], "summary": {"covered_lines": 5, "num_statements": 5, "percent_covered": 100.0, "percent_covered_display": "100", "missing_lines": 0, "excluded_lines": 0, "percent_statements_covered": 100.0, "percent_statements_covered_display": "100", "num_branches": 0, "num_partial_branches": 0, "covered_branches": 0, "missing_branches": 0, "percent_branches_covered": 100.0, "percent_branches_covered_display": "100"}, "missing_lines": [], "excluded_lines": [], "executed_branches": [], "missing_branches": [], "functions": {"": {"executed_lines": [3, 4, 5, 6, 8], "summary": {"covered_lines": 5, "num_statements": 5, "percent_covered": 100.0, "percent_covered_display": "100", "missing_lines": 0, "excluded_lines": 0, "percent_statements_covered": 100.0, "percent_statements_covered_display": "100", "num_branches": 0, "num_partial_branches": 0, "covered_branches": 0, "missing_branches": 0, "percent_branches_covered": 100.0, "percent_branches_covered_display": "100"}, "missing_lines": [], "excluded_lines": [], "start_line": 1, "executed_branches": [], "missing_branches": []}}, "classes": {"": {"executed_lines": [3, 4, 5, 6, 8], "summary": {"covered_lines": 5, "num_statements": 5, "percent_covered": 100.0, "percent_covered_display": "100", "missing_lines": 0, "excluded_lines": 0, "percent_statements_covered": 100.0, "percent_statements_covered_display": "100", "num_branches": 0, "num_partial_branches": 0, "covered_branches": 0, "missing_branches": 0, "percent_branches_covered": 100.0, "percent_branches_covered_display": "100"}, "missing_lines": [], "excluded_lines": [], "start_line": 1, "executed_branches": [], "missing_branches": []}}}, "src/jarvis/task/cli.py": {"executed_lines": [3, 5, 6, 8, 9, 10, 15, 16, 17, 18, 20, 23, 28, 43, 55, 56, 58, 61, 62, 63, 64, 71, 72, 73, 74, 75, 76, 94, 95, 96, 99, 100, 101, 102, 103, 104, 105, 108, 112, 113, 114, 115, 118, 119, 127, 128, 129, 141, 144, 147, 148, 152, 153, 162, 172, 192, 202, 214, 215, 216, 217, 218, 220, 222, 223, 224], "summary": {"covered_lines": 66, "num_statements": 121, "percent_covered": 51.5527950310559, "percent_covered_display": "52", "missing_lines": 55, "excluded_lines": 0, "percent_statements_covered": 54.54545454545455, "percent_statements_covered_display": "55", "num_branches": 40, "num_partial_branches": 9, "covered_branches": 17, "missing_branches": 23, "percent_branches_covered": 42.5, "percent_branches_covered_display": "42"}, "missing_lines": [25, 44, 45, 46, 47, 48, 51, 52, 109, 120, 121, 122, 123, 124, 130, 131, 132, 133, 134, 135, 136, 137, 138, 149, 164, 165, 166, 167, 168, 169, 174, 176, 178, 179, 180, 181, 182, 183, 184, 185, 186, 187, 189, 203, 204, 205, 206, 207, 208, 209, 210, 211, 212, 219, 221], "excluded_lines": [], "executed_branches": [[43, -28], [94, 95], [94, 99], [100, 101], [100, 112], [102, 103], [102, 108], [108, 112], [113, 114], [113, 118], [119, 127], [148, 152], [202, 214], [216, 217], [218, 220], [220, 222], [222, 223]], "missing_branches": [[43, 44], [108, 109], [119, 120], [148, 149], [178, 179], [178, 189], [179, 180], [179, 183], [180, 179], [180, 181], [185, 186], [185, 187], [202, 203], [205, 206], [205, 207], [207, 208], [207, 209], [209, 210], [209, 211], [216, 218], [218, 219], [220, 221], [222, 224]], "functions": {"get_adapter": {"executed_lines": [], "summary": {"covered_lines": 0, "num_statements": 1, "percent_covered": 0.0, "percent_covered_display": "0", "missing_lines": 1, "excluded_lines": 0, "percent_statements_covered": 0.0, "percent_statements_covered_display": "0", "num_branches": 0, "num_partial_branches": 0, "covered_branches": 0, "missing_branches": 0, "percent_branches_covered": 100.0, "percent_branches_covered_display": "100"}, "missing_lines": [25], "excluded_lines": [], "start_line": 23, "executed_branches": [], "missing_branches": []}, "require_capability": {"executed_lines": [43], "summary": {"covered_lines": 1, "num_statements": 8, "percent_covered": 20.0, "percent_covered_display": "20", "missing_lines": 7, "excluded_lines": 0, "percent_statements_covered": 12.5, "percent_statements_covered_display": "12", "num_branches": 2, "num_partial_branches": 1, "covered_branches": 1, "missing_branches": 1, "percent_branches_covered": 50.0, "percent_branches_covered_display": "50"}, "missing_lines": [44, 45, 46, 47, 48, 51, 52], "excluded_lines": [], "start_line": 28, "executed_branches": [[43, -28]], "missing_branches": [[43, 44]]}, "task_cli": {"executed_lines": [58], "summary": {"covered_lines": 1, "num_statements": 1, "percent_covered": 100.0, "percent_covered_display": "100", "missing_lines": 0, "excluded_lines": 0, "percent_statements_covered": 100.0, "percent_statements_covered_display": "100", "num_branches": 0, "num_partial_branches": 0, "covered_branches": 0, "missing_branches": 0, "percent_branches_covered": 100.0, "percent_branches_covered_display": "100"}, "missing_lines": [], "excluded_lines": [], "start_line": 56, "executed_branches": [], "missing_branches": []}, "create_task": {"executed_lines": [94, 95, 96, 99, 100, 101, 102, 103, 104, 105, 108, 112, 113, 114, 115, 118, 119, 127, 128, 129, 141, 144, 147, 148, 152, 153, 162], "summary": {"covered_lines": 27, "num_statements": 49, "percent_covered": 60.317460317460316, "percent_covered_display": "60", "missing_lines": 22, "excluded_lines": 0, "percent_statements_covered": 55.10204081632653, "percent_statements_covered_display": "55", "num_branches": 14, "num_partial_branches": 3, "covered_branches": 11, "missing_branches": 3, "percent_branches_covered": 78.57142857142857, "percent_branches_covered_display": "79"}, "missing_lines": [109, 120, 121, 122, 123, 124, 130, 131, 132, 133, 134, 135, 136, 137, 138, 149, 164, 165, 166, 167, 168, 169], "excluded_lines": [], "start_line": 76, "executed_branches": [[94, 95], [94, 99], [100, 101], [100, 112], [102, 103], [102, 108], [108, 112], [113, 114], [113, 118], [119, 127], [148, 152]], "missing_branches": [[108, 109], [119, 120], [148, 149]]}, "_get_space": {"executed_lines": [], "summary": {"covered_lines": 0, "num_statements": 13, "percent_covered": 0.0, "percent_covered_display": "0", "missing_lines": 13, "excluded_lines": 0, "percent_statements_covered": 0.0, "percent_statements_covered_display": "0", "num_branches": 8, "num_partial_branches": 0, "covered_branches": 0, "missing_branches": 8, "percent_branches_covered": 0.0, "percent_branches_covered_display": "0"}, "missing_lines": [174, 176, 178, 179, 180, 181, 182, 183, 184, 185, 186, 187, 189], "excluded_lines": [], "start_line": 172, "executed_branches": [], "missing_branches": [[178, 179], [178, 189], [179, 180], [179, 183], [180, 179], [180, 181], [185, 186], [185, 187]]}, "_display_success": {"executed_lines": [202, 214, 215, 216, 217, 218, 220, 222, 223, 224], "summary": {"covered_lines": 10, "num_statements": 22, "percent_covered": 39.473684210526315, "percent_covered_display": "39", "missing_lines": 12, "excluded_lines": 0, "percent_statements_covered": 45.45454545454545, "percent_statements_covered_display": "45", "num_branches": 16, "num_partial_branches": 5, "covered_branches": 5, "missing_branches": 11, "percent_branches_covered": 31.25, "percent_branches_covered_display": "31"}, "missing_lines": [203, 204, 205, 206, 207, 208, 209, 210, 211, 212, 219, 221], "excluded_lines": [], "start_line": 192, "executed_branches": [[202, 214], [216, 217], [218, 220], [220, 222], [222, 223]], "missing_branches": [[202, 203], [205, 206], [205, 207], [207, 208], [207, 209], [209, 210], [209, 211], [216, 218], [218, 219], [220, 221], [222, 224]]}, "": {"executed_lines": [3, 5, 6, 8, 9, 10, 15, 16, 17, 18, 20, 23, 28, 55, 56, 61, 62, 63, 64, 71, 72, 73, 74, 75, 76, 172, 192], "summary": {"covered_lines": 27, "num_statements": 27, "percent_covered": 100.0, "percent_covered_display": "100", "missing_lines": 0, "excluded_lines": 0, "percent_statements_covered": 100.0, "percent_statements_covered_display": "100", "num_branches": 0, "num_partial_branches": 0, "covered_branches": 0, "missing_branches": 0, "percent_branches_covered": 100.0, "percent_branches_covered_display": "100"}, "missing_lines": [], "excluded_lines": [], "start_line": 1, "executed_branches": [], "missing_branches": []}}, "classes": {"": {"executed_lines": [3, 5, 6, 8, 9, 10, 15, 16, 17, 18, 20, 23, 28, 43, 55, 56, 58, 61, 62, 63, 64, 71, 72, 73, 74, 75, 76, 94, 95, 96, 99, 100, 101, 102, 103, 104, 105, 108, 112, 113, 114, 115, 118, 119, 127, 128, 129, 141, 144, 147, 148, 152, 153, 162, 172, 192, 202, 214, 215, 216, 217, 218, 220, 222, 223, 224], "summary": {"covered_lines": 66, "num_statements": 121, "percent_covered": 51.5527950310559, "percent_covered_display": "52", "missing_lines": 55, "excluded_lines": 0, "percent_statements_covered": 54.54545454545455, "percent_statements_covered_display": "55", "num_branches": 40, "num_partial_branches": 9, "covered_branches": 17, "missing_branches": 23, "percent_branches_covered": 42.5, "percent_branches_covered_display": "42"}, "missing_lines": [25, 44, 45, 46, 47, 48, 51, 52, 109, 120, 121, 122, 123, 124, 130, 131, 132, 133, 134, 135, 136, 137, 138, 149, 164, 165, 166, 167, 168, 169, 174, 176, 178, 179, 180, 181, 182, 183, 184, 185, 186, 187, 189, 203, 204, 205, 206, 207, 208, 209, 210, 211, 212, 219, 221], "excluded_lines": [], "start_line": 1, "executed_branches": [[43, -28], [94, 95], [94, 99], [100, 101], [100, 112], [102, 103], [102, 108], [108, 112], [113, 114], [113, 118], [119, 127], [148, 152], [202, 214], [216, 217], [218, 220], [220, 222], [222, 223]], "missing_branches": [[43, 44], [108, 109], [119, 120], [148, 149], [178, 179], [178, 189], [179, 180], [179, 183], [180, 179], [180, 181], [185, 186], [185, 187], [202, 203], [205, 206], [205, 207], [207, 208], [207, 209], [209, 210], [209, 211], [216, 218], [218, 219], [220, 221], [222, 224]]}}}, "src/jarvis/task/date_parser.py": {"executed_lines": [3, 4, 6, 9, 31, 32, 35, 40, 41, 42, 43, 44, 49, 58], "summary": {"covered_lines": 14, "num_statements": 16, "percent_covered": 90.0, "percent_covered_display": "90", "missing_lines": 2, "excluded_lines": 0, "percent_statements_covered": 87.5, "percent_statements_covered_display": "88", "num_branches": 4, "num_partial_branches": 0, "covered_branches": 4, "missing_branches": 0, "percent_branches_covered": 100.0, "percent_branches_covered_display": "100"}, "missing_lines": [45, 46], "excluded_lines": [], "executed_branches": [[31, 32], [31, 35], [42, 43], [42, 44]], "missing_branches": [], "functions": {"parse_due_date": {"executed_lines": [31, 32, 35, 40, 41, 42, 43, 44], "summary": {"covered_lines": 8, "num_statements": 10, "percent_covered": 85.71428571428571, "percent_covered_display": "86", "missing_lines": 2, "excluded_lines": 0, "percent_statements_covered": 80.0, "percent_statements_covered_display": "80", "num_branches": 4, "num_partial_branches": 0, "covered_branches": 4, "missing_branches": 0, "percent_branches_covered": 100.0, "percent_branches_covered_display": "100"}, "missing_lines": [45, 46], "excluded_lines": [], "start_line": 9, "executed_branches": [[31, 32], [31, 35], [42, 43], [42, 44]], "missing_branches": []}, "is_past_date": {"executed_lines": [58], "summary": {"covered_lines": 1, "num_statements": 1, "percent_covered": 100.0, "percent_covered_display": "100", "missing_lines": 0, "excluded_lines": 0, "percent_statements_covered": 100.0, "percent_statements_covered_display": "100", "num_branches": 0, "num_partial_branches": 0, "covered_branches": 0, "missing_branches": 0, "percent_branches_covered": 100.0, "percent_branches_covered_display": "100"}, "missing_lines": [], "excluded_lines": [], "start_line": 49, "executed_branches": [], "missing_branches": []}, "": {"executed_lines": [3, 4, 6, 9, 49], "summary": {"covered_lines": 5, "num_statements": 5, "percent_covered": 100.0, "percent_covered_display": "100", "missing_lines": 0, "excluded_lines": 0, "percent_statements_covered": 100.0, "percent_statements_covered_display": "100", "num_branches": 0, "num_partial_branches": 0, "covered_branches": 0, "missing_branches": 0, "percent_branches_covered": 100.0, "percent_branches_covered_display": "100"}, "missing_lines": [], "excluded_lines": [], "start_line": 1, "executed_branches": [], "missing_branches": []}}, "classes": {"": {"executed_lines": [3, 4, 6, 9, 31, 32, 35, 40, 41, 42, 43, 44, 49, 58], "summary": {"covered_lines": 14, "num_statements": 16, "percent_covered": 90.0, "percent_covered_display": "90", "missing_lines": 2, "excluded_lines": 0, "percent_statements_covered": 87.5, "percent_statements_covered_display": "88", "num_branches": 4, "num_partial_branches": 0, "covered_branches": 4, "missing_branches": 0, "percent_branches_covered": 100.0, "percent_branches_covered_display": "100"}, "missing_lines": [45, 46], "excluded_lines": [], "start_line": 1, "executed_branches": [[31, 32], [31, 35], [42, 43], [42, 44]], "missing_branches": []}}}, "src/jarvis/task/editor.py": {"executed_lines": [3, 4, 5, 6, 7, 10, 13, 16, 31, 33, 36, 43, 49, 50, 52, 54, 57, 58, 61, 62, 65, 68, 69, 71, 75, 76], "summary": {"covered_lines": 26, "num_statements": 26, "percent_covered": 100.0, "percent_covered_display": "100", "missing_lines": 0, "excluded_lines": 0, "percent_statements_covered": 100.0, "percent_statements_covered_display": "100", "num_branches": 4, "num_partial_branches": 0, "covered_branches": 4, "missing_branches": 0, "percent_branches_covered": 100.0, "percent_branches_covered_display": "100"}, "missing_lines": [], "excluded_lines": [], "executed_branches": [[57, 58], [57, 61], [61, 62], [61, 65]], "missing_branches": [], "functions": {"open_editor_for_description": {"executed_lines": [31, 33, 36, 43, 49, 50, 52, 54, 57, 58, 61, 62, 65, 68, 69, 71, 75, 76], "summary": {"covered_lines": 18, "num_statements": 18, "percent_covered": 100.0, "percent_covered_display": "100", "missing_lines": 0, "excluded_lines": 0, "percent_statements_covered": 100.0, "percent_statements_covered_display": "100", "num_branches": 4, "num_partial_branches": 0, "covered_branches": 4, "missing_branches": 0, "percent_branches_covered": 100.0, "percent_branches_covered_display": "100"}, "missing_lines": [], "excluded_lines": [], "start_line": 16, "executed_branches": [[57, 58], [57, 61], [61, 62], [61, 65]], "missing_branches": []}, "": {"executed_lines": [3, 4, 5, 6, 7, 10, 13, 16], "summary": {"covered_lines": 8, "num_statements": 8, "percent_covered": 100.0, "percent_covered_display": "100", "missing_lines": 0, "excluded_lines": 0, "percent_statements_covered": 100.0, "percent_statements_covered_display": "100", "num_branches": 0, "num_partial_branches": 0, "covered_branches": 0, "missing_branches": 0, "percent_branches_covered": 100.0, "percent_branches_covered_display": "100"}, "missing_lines": [], "excluded_lines": [], "start_line": 1, "executed_branches": [], "missing_branches": []}}, "classes": {"EditorCancelledError": {"executed_lines": [], "summary": {"covered_lines": 0, "num_statements": 0, "percent_covered": 100.0, "percent_covered_display": "100", "missing_lines": 0, "excluded_lines": 0, "percent_statements_covered": 100.0, "percent_statements_covered_display": "100", "num_branches": 0, "num_partial_branches": 0, "covered_branches": 0, "missing_branches": 0, "percent_branches_covered": 100.0, "percent_branches_covered_display": "100"}, "missing_lines": [], "excluded_lines": [], "start_line": 10, "executed_branches": [], "missing_branches": []}, "": {"executed_lines": [3, 4, 5, 6, 7, 10, 13, 16, 31, 33, 36, 43, 49, 50, 52, 54, 57, 58, 61, 62, 65, 68, 69, 71, 75, 76], "summary": {"covered_lines": 26, "num_statements": 26, "percent_covered": 100.0, "percent_covered_display": "100", "missing_lines": 0, "excluded_lines": 0, "percent_statements_covered": 100.0, "percent_statements_covered_display": "100", "num_branches": 4, "num_partial_branches": 0, "covered_branches": 4, "missing_branches": 0, "percent_branches_covered": 100.0, "percent_branches_covered_display": "100"}, "missing_lines": [], "excluded_lines": [], "start_line": 1, "executed_branches": [[57, 58], [57, 61], [61, 62], [61, 65]], "missing_branches": []}}}, "src/jarvis/task/service.py": {"executed_lines": [3, 4, 10, 16, 24], "summary": {"covered_lines": 5, "num_statements": 7, "percent_covered": 71.42857142857143, "percent_covered_display": "71", "missing_lines": 2, "excluded_lines": 2, "percent_statements_covered": 71.42857142857143, "percent_statements_covered_display": "71", "num_branches": 0, "num_partial_branches": 0, "covered_branches": 0, "missing_branches": 0, "percent_branches_covered": 100.0, "percent_branches_covered_display": "100"}, "missing_lines": [22, 46], "excluded_lines": [6, 7], "executed_branches": [], "missing_branches": [], "functions": {"TaskService.__init__": {"executed_lines": [], "summary": {"covered_lines": 0, "num_statements": 1, "percent_covered": 0.0, "percent_covered_display": "0", "missing_lines": 1, "excluded_lines": 0, "percent_statements_covered": 0.0, "percent_statements_covered_display": "0", "num_branches": 0, "num_partial_branches": 0, "covered_branches": 0, "missing_branches": 0, "percent_branches_covered": 100.0, "percent_branches_covered_display": "100"}, "missing_lines": [22], "excluded_lines": [], "start_line": 16, "executed_branches": [], "missing_branches": []}, "TaskService.create_task": {"executed_lines": [], "summary": {"covered_lines": 0, "num_statements": 1, "percent_covered": 0.0, "percent_covered_display": "0", "missing_lines": 1, "excluded_lines": 0, "percent_statements_covered": 0.0, "percent_statements_covered_display": "0", "num_branches": 0, "num_partial_branches": 0, "covered_branches": 0, "missing_branches": 0, "percent_branches_covered": 100.0, "percent_branches_covered_display": "100"}, "missing_lines": [46], "excluded_lines": [], "start_line": 24, "executed_branches": [], "missing_branches": []}, "": {"executed_lines": [3, 4, 10, 16, 24], "summary": {"covered_lines": 5, "num_statements": 5, "percent_covered": 100.0, "percent_covered_display": "100", "missing_lines": 0, "excluded_lines": 2, "percent_statements_covered": 100.0, "percent_statements_covered_display": "100", "num_branches": 0, "num_partial_branches": 0, "covered_branches": 0, "missing_branches": 0, "percent_branches_covered": 100.0, "percent_branches_covered_display": "100"}, "missing_lines": [], "excluded_lines": [6, 7], "start_line": 1, "executed_branches": [], "missing_branches": []}}, "classes": {"TaskService": {"executed_lines": [], "summary": {"covered_lines": 0, "num_statements": 2, "percent_covered": 0.0, "percent_covered_display": "0", "missing_lines": 2, "excluded_lines": 0, "percent_statements_covered": 0.0, "percent_statements_covered_display": "0", "num_branches": 0, "num_partial_branches": 0, "covered_branches": 0, "missing_branches": 0, "percent_branches_covered": 100.0, "percent_branches_covered_display": "100"}, "missing_lines": [22, 46], "excluded_lines": [], "start_line": 10, "executed_branches": [], "missing_branches": []}, "": {"executed_lines": [3, 4, 10, 16, 24], "summary": {"covered_lines": 5, "num_statements": 5, "percent_covered": 100.0, "percent_covered_display": "100", "missing_lines": 0, "excluded_lines": 2, "percent_statements_covered": 100.0, "percent_statements_covered_display": "100", "num_branches": 0, "num_partial_branches": 0, "covered_branches": 0, "missing_branches": 0, "percent_branches_covered": 100.0, "percent_branches_covered_display": "100"}, "missing_lines": [], "excluded_lines": [6, 7], "start_line": 1, "executed_branches": [], "missing_branches": []}}}}, "totals": {"covered_lines": 2272, "num_statements": 3562, "percent_covered": 61.703539823008846, "percent_covered_display": "62", "missing_lines": 1290, "excluded_lines": 4, "percent_statements_covered": 63.784390791690065, "percent_statements_covered_display": "64", "num_branches": 958, "num_partial_branches": 107, "covered_branches": 517, "missing_branches": 441, "percent_branches_covered": 53.96659707724426, "percent_branches_covered_display": "54"}}